#
# There is insufficient memory for the Java Runtime Environment to continue.
# Native memory allocation (malloc) failed to allocate 1193456 bytes for Chunk::new
# Possible reasons:
#   The system is out of physical RAM or swap space
#   In 32 bit mode, the process size limit was hit
# Possible solutions:
#   Reduce memory load on the system
#   Increase physical memory or swap space
#   Check if swap backing store is full
#   Use 64 bit Java on a 64 bit OS
#   Decrease Java heap size (-Xmx/-Xms)
#   Decrease number of Java threads
#   Decrease Java thread stack sizes (-Xss)
#   Set larger code cache with -XX:ReservedCodeCacheSize=
# This output file may be truncated or incomplete.
#
#  Out of Memory Error (allocation.cpp:390), pid=39392, tid=0x0000000000004a18
#
# JRE version: Java(TM) SE Runtime Environment (8.0_161-b12) (build 1.8.0_161-b12)
# Java VM: Java HotSpot(TM) 64-Bit Server VM (25.161-b12 mixed mode windows-amd64 compressed oops)
# Failed to write core dump. Minidumps are not enabled by default on client versions of Windows
#

---------------  T H R E A D  ---------------

Current thread (0x0000000015400000):  JavaThread "C2 CompilerThread0" daemon [_thread_in_native, id=18968, stack(0x0000000016a60000,0x0000000016b60000)]

Stack: [0x0000000016a60000,0x0000000016b60000]
[error occurred during error reporting (printing stack bounds), id 0xc0000005]

Native frames: (J=compiled Java code, j=interpreted, Vv=VM code, C=native code)


Current CompileTask:
C2:   2457 2113   !   4       com.android.dx.cf.code.RopperMachine::run (1608 bytes)


---------------  P R O C E S S  ---------------

Java Threads: ( => current thread )
  0x0000000017001000 JavaThread "pool-2-thread-1" [_thread_blocked, id=30040, stack(0x0000000017460000,0x0000000017560000)]
  0x0000000016ffe000 JavaThread "pool-1-thread-1" [_thread_blocked, id=29752, stack(0x0000000017360000,0x0000000017460000)]
  0x0000000016d98800 JavaThread "Service Thread" daemon [_thread_blocked, id=23632, stack(0x0000000017160000,0x0000000017260000)]
  0x000000001540d800 JavaThread "C1 CompilerThread2" daemon [_thread_blocked, id=16984, stack(0x0000000016c60000,0x0000000016d60000)]
  0x0000000015404800 JavaThread "C2 CompilerThread1" daemon [_thread_in_native, id=29540, stack(0x0000000016b60000,0x0000000016c60000)]
=>0x0000000015400000 JavaThread "C2 CompilerThread0" daemon [_thread_in_native, id=18968, stack(0x0000000016a60000,0x0000000016b60000)]
  0x00000000153ff000 JavaThread "Attach Listener" daemon [_thread_blocked, id=32260, stack(0x0000000016960000,0x0000000016a60000)]
  0x00000000153fe000 JavaThread "Signal Dispatcher" daemon [_thread_blocked, id=7284, stack(0x0000000016860000,0x0000000016960000)]
  0x00000000153ea000 JavaThread "Finalizer" daemon [_thread_blocked, id=15124, stack(0x0000000016650000,0x0000000016750000)]
  0x0000000002d23800 JavaThread "Reference Handler" daemon [_thread_blocked, id=8044, stack(0x0000000016550000,0x0000000016650000)]
  0x0000000002b1e800 JavaThread "main" [_thread_in_Java, id=14604, stack(0x0000000002b30000,0x0000000002c30000)]

Other Threads:
  0x00000000153c7000 VMThread [stack: 0x0000000016450000,0x0000000016550000] [id=22096]
  0x000000001545d800 WatcherThread [stack: 0x0000000017260000,0x0000000017360000] [id=27088]

VM state:not at safepoint (normal execution)

VM Mutex/Monitor currently owned by a thread: None

Heap:
 PSYoungGen      total 79872K, used 50145K [0x00000000eab00000, 0x00000000eff00000, 0x0000000100000000)
  eden space 73728K, 59% used [0x00000000eab00000,0x00000000ed5ff950,0x00000000ef300000)
  from space 6144K, 99% used [0x00000000ef300000,0x00000000ef8f8ea8,0x00000000ef900000)
  to   space 6144K, 0% used [0x00000000ef900000,0x00000000ef900000,0x00000000eff00000)
 ParOldGen       total 98304K, used 72254K [0x00000000c0000000, 0x00000000c6000000, 0x00000000eab00000)
  object space 98304K, 73% used [0x00000000c0000000,0x00000000c468fbf8,0x00000000c6000000)
 Metaspace       used 6776K, capacity 7320K, committed 7680K, reserved 1056768K
  class space    used 648K, capacity 656K, committed 768K, reserved 1048576K

Card table byte_map: [0x00000000120f0000,0x0000000012300000] byte_map_base: 0x0000000011af0000

Marking Bits: (ParMarkBitMap*) 0x0000000058fef860
 Begin Bits: [0x0000000012860000, 0x0000000013860000)
 End Bits:   [0x0000000013860000, 0x0000000014860000)

Polling page: 0x0000000002a90000

CodeCache: size=245760Kb used=8412Kb max_used=8412Kb free=237347Kb
 bounds [0x0000000002d30000, 0x0000000003570000, 0x0000000011d30000]
 total_blobs=2327 nmethods=2054 adapters=185
 compilation: enabled

Compilation events (10 events):
Event: 2.429 Thread 0x000000001540d800 2124       3       com.android.dx.ssa.back.SsaToRop::moveParametersToHighRegisters (88 bytes)
Event: 2.430 Thread 0x000000001540d800 nmethod 2124 0x000000000356c050 code [0x000000000356c220, 0x000000000356caf8]
Event: 2.435 Thread 0x000000001540d800 2125       2       com.android.dx.ssa.SsaConverter::edgeSplitMoveExceptionsAndResults (157 bytes)
Event: 2.436 Thread 0x000000001540d800 nmethod 2125 0x000000000356ce50 code [0x000000000356d0e0, 0x000000000356da08]
Event: 2.441 Thread 0x000000001540d800 2126       2       java.util.HashMap$TreeNode::balanceInsertion (245 bytes)
Event: 2.442 Thread 0x000000001540d800 nmethod 2126 0x000000000356e8d0 code [0x000000000356eac0, 0x000000000356f098]
Event: 2.442 Thread 0x000000001540d800 2127       2       com.android.dx.util.LabeledList::removeLabel (10 bytes)
Event: 2.442 Thread 0x000000001540d800 nmethod 2127 0x000000000353c490 code [0x000000000353c600, 0x000000000353c788]
Event: 2.446 Thread 0x000000001540d800 2128       2       java.util.LinkedHashMap$Entry::<init> (10 bytes)
Event: 2.446 Thread 0x000000001540d800 nmethod 2128 0x0000000003537550 code [0x00000000035376a0, 0x0000000003537830]

GC Heap History (10 events):
Event: 1.226 GC heap before
{Heap before GC invocations=3 (full 0):
 PSYoungGen      total 79872K, used 79849K [0x00000000eab00000, 0x00000000eff00000, 0x0000000100000000)
  eden space 73728K, 100% used [0x00000000eab00000,0x00000000ef300000,0x00000000ef300000)
  from space 6144K, 99% used [0x00000000ef900000,0x00000000efefa540,0x00000000eff00000)
  to   space 6144K, 0% used [0x00000000ef300000,0x00000000ef300000,0x00000000ef900000)
 ParOldGen       total 98304K, used 10251K [0x00000000c0000000, 0x00000000c6000000, 0x00000000eab00000)
  object space 98304K, 10% used [0x00000000c0000000,0x00000000c0a02d78,0x00000000c6000000)
 Metaspace       used 6587K, capacity 7256K, committed 7424K, reserved 1056768K
  class space    used 647K, capacity 656K, committed 768K, reserved 1048576K
Event: 1.246 GC heap after
Heap after GC invocations=3 (full 0):
 PSYoungGen      total 79872K, used 6143K [0x00000000eab00000, 0x00000000eff00000, 0x0000000100000000)
  eden space 73728K, 0% used [0x00000000eab00000,0x00000000eab00000,0x00000000ef300000)
  from space 6144K, 99% used [0x00000000ef300000,0x00000000ef8ffdd0,0x00000000ef900000)
  to   space 6144K, 0% used [0x00000000ef900000,0x00000000ef900000,0x00000000eff00000)
 ParOldGen       total 98304K, used 24628K [0x00000000c0000000, 0x00000000c6000000, 0x00000000eab00000)
  object space 98304K, 25% used [0x00000000c0000000,0x00000000c180d0c0,0x00000000c6000000)
 Metaspace       used 6587K, capacity 7256K, committed 7424K, reserved 1056768K
  class space    used 647K, capacity 656K, committed 768K, reserved 1048576K
}
Event: 1.495 GC heap before
{Heap before GC invocations=4 (full 0):
 PSYoungGen      total 79872K, used 79871K [0x00000000eab00000, 0x00000000eff00000, 0x0000000100000000)
  eden space 73728K, 100% used [0x00000000eab00000,0x00000000ef300000,0x00000000ef300000)
  from space 6144K, 99% used [0x00000000ef300000,0x00000000ef8ffdd0,0x00000000ef900000)
  to   space 6144K, 0% used [0x00000000ef900000,0x00000000ef900000,0x00000000eff00000)
 ParOldGen       total 98304K, used 24628K [0x00000000c0000000, 0x00000000c6000000, 0x00000000eab00000)
  object space 98304K, 25% used [0x00000000c0000000,0x00000000c180d0c0,0x00000000c6000000)
 Metaspace       used 6680K, capacity 7256K, committed 7424K, reserved 1056768K
  class space    used 647K, capacity 656K, committed 768K, reserved 1048576K
Event: 1.523 GC heap after
Heap after GC invocations=4 (full 0):
 PSYoungGen      total 79872K, used 6115K [0x00000000eab00000, 0x00000000eff00000, 0x0000000100000000)
  eden space 73728K, 0% used [0x00000000eab00000,0x00000000eab00000,0x00000000ef300000)
  from space 6144K, 99% used [0x00000000ef900000,0x00000000efef8f70,0x00000000eff00000)
  to   space 6144K, 0% used [0x00000000ef300000,0x00000000ef300000,0x00000000ef900000)
 ParOldGen       total 98304K, used 36939K [0x00000000c0000000, 0x00000000c6000000, 0x00000000eab00000)
  object space 98304K, 37% used [0x00000000c0000000,0x00000000c2412e40,0x00000000c6000000)
 Metaspace       used 6680K, capacity 7256K, committed 7424K, reserved 1056768K
  class space    used 647K, capacity 656K, committed 768K, reserved 1048576K
}
Event: 1.774 GC heap before
{Heap before GC invocations=5 (full 0):
 PSYoungGen      total 79872K, used 79843K [0x00000000eab00000, 0x00000000eff00000, 0x0000000100000000)
  eden space 73728K, 100% used [0x00000000eab00000,0x00000000ef300000,0x00000000ef300000)
  from space 6144K, 99% used [0x00000000ef900000,0x00000000efef8f70,0x00000000eff00000)
  to   space 6144K, 0% used [0x00000000ef300000,0x00000000ef300000,0x00000000ef900000)
 ParOldGen       total 98304K, used 36939K [0x00000000c0000000, 0x00000000c6000000, 0x00000000eab00000)
  object space 98304K, 37% used [0x00000000c0000000,0x00000000c2412e40,0x00000000c6000000)
 Metaspace       used 6737K, capacity 7320K, committed 7680K, reserved 1056768K
  class space    used 647K, capacity 656K, committed 768K, reserved 1048576K
Event: 1.795 GC heap after
Heap after GC invocations=5 (full 0):
 PSYoungGen      total 79872K, used 6143K [0x00000000eab00000, 0x00000000eff00000, 0x0000000100000000)
  eden space 73728K, 0% used [0x00000000eab00000,0x00000000eab00000,0x00000000ef300000)
  from space 6144K, 99% used [0x00000000ef300000,0x00000000ef8fff80,0x00000000ef900000)
  to   space 6144K, 0% used [0x00000000ef900000,0x00000000ef900000,0x00000000eff00000)
 ParOldGen       total 98304K, used 48712K [0x00000000c0000000, 0x00000000c6000000, 0x00000000eab00000)
  object space 98304K, 49% used [0x00000000c0000000,0x00000000c2f921a8,0x00000000c6000000)
 Metaspace       used 6737K, capacity 7320K, committed 7680K, reserved 1056768K
  class space    used 647K, capacity 656K, committed 768K, reserved 1048576K
}
Event: 2.033 GC heap before
{Heap before GC invocations=6 (full 0):
 PSYoungGen      total 79872K, used 79871K [0x00000000eab00000, 0x00000000eff00000, 0x0000000100000000)
  eden space 73728K, 100% used [0x00000000eab00000,0x00000000ef300000,0x00000000ef300000)
  from space 6144K, 99% used [0x00000000ef300000,0x00000000ef8fff80,0x00000000ef900000)
  to   space 6144K, 0% used [0x00000000ef900000,0x00000000ef900000,0x00000000eff00000)
 ParOldGen       total 98304K, used 48712K [0x00000000c0000000, 0x00000000c6000000, 0x00000000eab00000)
  object space 98304K, 49% used [0x00000000c0000000,0x00000000c2f921a8,0x00000000c6000000)
 Metaspace       used 6750K, capacity 7320K, committed 7680K, reserved 1056768K
  class space    used 647K, capacity 656K, committed 768K, reserved 1048576K
Event: 2.060 GC heap after
Heap after GC invocations=6 (full 0):
 PSYoungGen      total 79872K, used 6140K [0x00000000eab00000, 0x00000000eff00000, 0x0000000100000000)
  eden space 73728K, 0% used [0x00000000eab00000,0x00000000eab00000,0x00000000ef300000)
  from space 6144K, 99% used [0x00000000ef900000,0x00000000efeff320,0x00000000eff00000)
  to   space 6144K, 0% used [0x00000000ef300000,0x00000000ef300000,0x00000000ef900000)
 ParOldGen       total 98304K, used 60676K [0x00000000c0000000, 0x00000000c6000000, 0x00000000eab00000)
  object space 98304K, 61% used [0x00000000c0000000,0x00000000c3b41358,0x00000000c6000000)
 Metaspace       used 6750K, capacity 7320K, committed 7680K, reserved 1056768K
  class space    used 647K, capacity 656K, committed 768K, reserved 1048576K
}
Event: 2.246 GC heap before
{Heap before GC invocations=7 (full 0):
 PSYoungGen      total 79872K, used 79868K [0x00000000eab00000, 0x00000000eff00000, 0x0000000100000000)
  eden space 73728K, 100% used [0x00000000eab00000,0x00000000ef300000,0x00000000ef300000)
  from space 6144K, 99% used [0x00000000ef900000,0x00000000efeff320,0x00000000eff00000)
  to   space 6144K, 0% used [0x00000000ef300000,0x00000000ef300000,0x00000000ef900000)
 ParOldGen       total 98304K, used 60676K [0x00000000c0000000, 0x00000000c6000000, 0x00000000eab00000)
  object space 98304K, 61% used [0x00000000c0000000,0x00000000c3b41358,0x00000000c6000000)
 Metaspace       used 6761K, capacity 7320K, committed 7680K, reserved 1056768K
  class space    used 647K, capacity 656K, committed 768K, reserved 1048576K
Event: 2.282 GC heap after
Heap after GC invocations=7 (full 0):
 PSYoungGen      total 79872K, used 6115K [0x00000000eab00000, 0x00000000eff00000, 0x0000000100000000)
  eden space 73728K, 0% used [0x00000000eab00000,0x00000000eab00000,0x00000000ef300000)
  from space 6144K, 99% used [0x00000000ef300000,0x00000000ef8f8ea8,0x00000000ef900000)
  to   space 6144K, 0% used [0x00000000ef900000,0x00000000ef900000,0x00000000eff00000)
 ParOldGen       total 98304K, used 72254K [0x00000000c0000000, 0x00000000c6000000, 0x00000000eab00000)
  object space 98304K, 73% used [0x00000000c0000000,0x00000000c468fbf8,0x00000000c6000000)
 Metaspace       used 6761K, capacity 7320K, committed 7680K, reserved 1056768K
  class space    used 647K, capacity 656K, committed 768K, reserved 1048576K
}

Deoptimization events (10 events):
Event: 1.962 Thread 0x0000000002b1e800 Uncommon trap: reason=bimorphic action=maybe_recompile pc=0x0000000003393f80 method=java.util.HashMap.putVal(ILjava/lang/Object;Ljava/lang/Object;ZZ)Ljava/lang/Object; @ 203
Event: 1.962 Thread 0x0000000002b1e800 Uncommon trap: reason=bimorphic action=maybe_recompile pc=0x0000000003393f80 method=java.util.HashMap.putVal(ILjava/lang/Object;Ljava/lang/Object;ZZ)Ljava/lang/Object; @ 203
Event: 1.963 Thread 0x0000000002b1e800 Uncommon trap: reason=bimorphic action=maybe_recompile pc=0x0000000003393f80 method=java.util.HashMap.putVal(ILjava/lang/Object;Ljava/lang/Object;ZZ)Ljava/lang/Object; @ 203
Event: 2.134 Thread 0x0000000016ffe000 Uncommon trap: reason=class_check action=maybe_recompile pc=0x000000000339e224 method=com.android.dx.cf.code.RopperMachine.run(Lcom/android/dx/cf/code/Frame;II)V @ 1051
Event: 2.136 Thread 0x0000000016ffe000 Uncommon trap: reason=class_check action=maybe_recompile pc=0x000000000339e224 method=com.android.dx.cf.code.RopperMachine.run(Lcom/android/dx/cf/code/Frame;II)V @ 1051
Event: 2.137 Thread 0x0000000016ffe000 Uncommon trap: reason=class_check action=maybe_recompile pc=0x000000000339e224 method=com.android.dx.cf.code.RopperMachine.run(Lcom/android/dx/cf/code/Frame;II)V @ 1051
Event: 2.173 Thread 0x0000000002b1e800 Uncommon trap: reason=unstable_if action=reinterpret pc=0x000000000340bdbc method=java.util.concurrent.ConcurrentHashMap.get(Ljava/lang/Object;)Ljava/lang/Object; @ 127
Event: 2.179 Thread 0x0000000002b1e800 Uncommon trap: reason=unstable_if action=reinterpret pc=0x00000000033ecf54 method=java.util.concurrent.ConcurrentHashMap.get(Ljava/lang/Object;)Ljava/lang/Object; @ 127
Event: 2.215 Thread 0x0000000002b1e800 Uncommon trap: reason=unstable_if action=reinterpret pc=0x00000000031af5d0 method=com.android.dx.ssa.SsaMethod.getExitBlock()Lcom/android/dx/ssa/SsaBasicBlock; @ 4
Event: 2.288 Thread 0x0000000016ffe000 Uncommon trap: reason=class_check action=maybe_recompile pc=0x000000000339e224 method=com.android.dx.cf.code.RopperMachine.run(Lcom/android/dx/cf/code/Frame;II)V @ 1051

Classes redefined (0 events):
No events

Internal exceptions (7 events):
Event: 0.030 Thread 0x0000000002b1e800 Exception <a 'java/lang/NoSuchMethodError': Method sun.misc.Unsafe.defineClass(Ljava/lang/String;[BII)Ljava/lang/Class; name or signature does not match> (0x00000000eab07ca0) thrown at [C:\re\workspace\8-2-build-windows-amd64-cygwin\jdk8u161\10277\hotspot
Event: 0.030 Thread 0x0000000002b1e800 Exception <a 'java/lang/NoSuchMethodError': Method sun.misc.Unsafe.prefetchRead(Ljava/lang/Object;J)V name or signature does not match> (0x00000000eab07f88) thrown at [C:\re\workspace\8-2-build-windows-amd64-cygwin\jdk8u161\10277\hotspot\src\share\vm\prim
Event: 0.572 Thread 0x0000000016ffe000 Implicit null exception at 0x00000000030941d1 to 0x0000000003096e95
Event: 0.724 Thread 0x0000000016ffe000 Exception <a 'java/lang/ArrayIndexOutOfBoundsException': 18> (0x00000000ecbcacd8) thrown at [C:\re\workspace\8-2-build-windows-amd64-cygwin\jdk8u161\10277\hotspot\src\share\vm\interpreter\interpreterRuntime.cpp, line 366]
Event: 0.724 Thread 0x0000000016ffe000 Exception <a 'java/lang/ArrayIndexOutOfBoundsException': 145> (0x00000000ecbcc858) thrown at [C:\re\workspace\8-2-build-windows-amd64-cygwin\jdk8u161\10277\hotspot\src\share\vm\interpreter\interpreterRuntime.cpp, line 366]
Event: 0.725 Thread 0x0000000016ffe000 Exception <a 'java/lang/ArrayIndexOutOfBoundsException'> (0x00000000ecbcdb40) thrown at [C:\re\workspace\8-2-build-windows-amd64-cygwin\jdk8u161\10277\hotspot\src\share\vm\runtime\sharedRuntime.cpp, line 605]
Event: 1.834 Thread 0x0000000016ffe000 Implicit null exception at 0x00000000031a210f to 0x00000000031a2269

Events (10 events):
Event: 2.288 Thread 0x0000000016ffe000 DEOPT PACKING pc=0x000000000339e224 sp=0x000000001745dc30
Event: 2.288 Thread 0x0000000016ffe000 DEOPT UNPACKING pc=0x0000000002d7583b sp=0x000000001745dbf8 mode 2
Event: 2.315 Thread 0x0000000002b1e800 DEOPT PACKING pc=0x00000000031d0c34 sp=0x0000000002c2e2c0
Event: 2.315 Thread 0x0000000002b1e800 DEOPT UNPACKING pc=0x0000000002d77890 sp=0x0000000002c2dfd0 mode 0
Event: 2.371 loading class java/nio/file/attribute/FileTime
Event: 2.371 loading class java/nio/file/attribute/FileTime done
Event: 2.430 Thread 0x0000000002b1e800 DEOPT PACKING pc=0x00000000032d9b68 sp=0x0000000002c2e520
Event: 2.430 Thread 0x0000000002b1e800 DEOPT UNPACKING pc=0x0000000002d77890 sp=0x0000000002c2e298 mode 0
Event: 2.435 Thread 0x0000000016ffe000 DEOPT PACKING pc=0x000000000322b93d sp=0x000000001745e570
Event: 2.436 Thread 0x0000000016ffe000 DEOPT UNPACKING pc=0x0000000002d77890 sp=0x000000001745e2a8 mode 0


Dynamic libraries:
0x00007ff72a9a0000 - 0x00007ff72a9d7000 	C:\Program Files\Java\jdk1.8.0_161\bin\java.exe
0x00007ffa9e590000 - 0x00007ffa9e771000 	C:\WINDOWS\SYSTEM32\ntdll.dll
0x00007ffa9e310000 - 0x00007ffa9e3c2000 	C:\WINDOWS\System32\KERNEL32.DLL
0x00007ffa9ae80000 - 0x00007ffa9b0f3000 	C:\WINDOWS\System32\KERNELBASE.dll
0x00007ffa9dad0000 - 0x00007ffa9db71000 	C:\WINDOWS\System32\ADVAPI32.dll
0x00007ffa9e4c0000 - 0x00007ffa9e55e000 	C:\WINDOWS\System32\msvcrt.dll
0x00007ffa9dce0000 - 0x00007ffa9dd3b000 	C:\WINDOWS\System32\sechost.dll
0x00007ffa9d990000 - 0x00007ffa9dab4000 	C:\WINDOWS\System32\RPCRT4.dll
0x00007ffa9ba20000 - 0x00007ffa9bbb0000 	C:\WINDOWS\System32\USER32.dll
0x00007ffa9ba00000 - 0x00007ffa9ba20000 	C:\WINDOWS\System32\win32u.dll
0x00007ffa9e120000 - 0x00007ffa9e148000 	C:\WINDOWS\System32\GDI32.dll
0x00007ffa9a960000 - 0x00007ffa9aaf2000 	C:\WINDOWS\System32\gdi32full.dll
0x00007ffa9ab50000 - 0x00007ffa9abef000 	C:\WINDOWS\System32\msvcp_win.dll
0x00007ffa9aca0000 - 0x00007ffa9ad9a000 	C:\WINDOWS\System32\ucrtbase.dll
0x00007ffa8b170000 - 0x00007ffa8b3d9000 	C:\WINDOWS\WinSxS\amd64_microsoft.windows.common-controls_6595b64144ccf1df_6.0.17134.345_none_fb429a5930656358\COMCTL32.dll
0x00007ffa9ddf0000 - 0x00007ffa9e113000 	C:\WINDOWS\System32\combase.dll
0x00007ffa9ae00000 - 0x00007ffa9ae7a000 	C:\WINDOWS\System32\bcryptPrimitives.dll
0x00007ffa9bdd0000 - 0x00007ffa9bdfd000 	C:\WINDOWS\System32\IMM32.DLL
0x0000000059070000 - 0x0000000059142000 	C:\Program Files\Java\jdk1.8.0_161\jre\bin\msvcr100.dll
0x00000000587d0000 - 0x000000005906f000 	C:\Program Files\Java\jdk1.8.0_161\jre\bin\server\jvm.dll
0x00007ffa9bef0000 - 0x00007ffa9bef8000 	C:\WINDOWS\System32\PSAPI.DLL
0x00007ffa984d0000 - 0x00007ffa984f3000 	C:\WINDOWS\SYSTEM32\WINMM.dll
0x00007ffa95c00000 - 0x00007ffa95c0a000 	C:\WINDOWS\SYSTEM32\VERSION.dll
0x00007ffa98770000 - 0x00007ffa98779000 	C:\WINDOWS\SYSTEM32\WSOCK32.dll
0x00007ffa9e240000 - 0x00007ffa9e2ac000 	C:\WINDOWS\System32\WS2_32.dll
0x00007ffa97e80000 - 0x00007ffa97eaa000 	C:\WINDOWS\SYSTEM32\winmmbase.dll
0x00007ffa9ab00000 - 0x00007ffa9ab49000 	C:\WINDOWS\System32\cfgmgr32.dll
0x00000000587c0000 - 0x00000000587cf000 	C:\Program Files\Java\jdk1.8.0_161\jre\bin\verify.dll
0x0000000058790000 - 0x00000000587b9000 	C:\Program Files\Java\jdk1.8.0_161\jre\bin\java.dll
0x0000000058770000 - 0x0000000058786000 	C:\Program Files\Java\jdk1.8.0_161\jre\bin\zip.dll
0x00007ffa9c0a0000 - 0x00007ffa9d4df000 	C:\WINDOWS\System32\SHELL32.dll
0x00007ffa9dd40000 - 0x00007ffa9dde9000 	C:\WINDOWS\System32\shcore.dll
0x00007ffa9b100000 - 0x00007ffa9b80d000 	C:\WINDOWS\System32\windows.storage.dll
0x00007ffa9e2b0000 - 0x00007ffa9e301000 	C:\WINDOWS\System32\shlwapi.dll
0x00007ffa9a8a0000 - 0x00007ffa9a8b1000 	C:\WINDOWS\System32\kernel.appcore.dll
0x00007ffa9a940000 - 0x00007ffa9a95f000 	C:\WINDOWS\System32\profapi.dll
0x00007ffa9a8e0000 - 0x00007ffa9a92c000 	C:\WINDOWS\System32\powrprof.dll
0x00007ffa9a930000 - 0x00007ffa9a93a000 	C:\WINDOWS\System32\FLTLIB.DLL

VM Arguments:
jvm_args: -Xmx1G 
java_command: D:\alien\appdata\local\Android\Sdk\build-tools\27.0.3\\lib\dx.jar --dex --no-strict --output obj\Debug\MonoAndroid81\android\bin D:\Proyectos c#\App1 v3\App1\obj\Debug\MonoAndroid81\android\bin\classes.zip D:\Visual Studio\Common7\IDE\ReferenceAssemblies\Microsoft\Framework\MonoAndroid\v8.1\mono.android.jar obj\\Debug\MonoAndroid81\lp\15\jl\okhttp-2.3.0-jar-with-dependencies.jar obj\\Debug\MonoAndroid81\lp\25\jl\bin\classes.jar obj\\Debug\MonoAndroid81\lp\27\jl\bin\classes.jar obj\\Debug\MonoAndroid81\lp\28\jl\bin\classes.jar obj\\Debug\MonoAndroid81\lp\29\jl\bin\classes.jar obj\\Debug\MonoAndroid81\lp\30\jl\bin\classes.jar obj\\Debug\MonoAndroid81\lp\31\jl\bin\classes.jar obj\\Debug\MonoAndroid81\lp\32\jl\bin\classes.jar obj\\Debug\MonoAndroid81\lp\33\jl\bin\classes.jar obj\\Debug\MonoAndroid81\lp\35\jl\bin\classes.jar obj\\Debug\MonoAndroid81\lp\36\jl\bin\classes.jar obj\\Debug\MonoAndroid81\lp\37\jl\bin\classes.jar obj\\Debug\MonoAndroid81\lp\39\jl\bin\classes.jar obj\\Debug\MonoAndroid81\lp\40\jl\bin\classes.jar obj\\Debug\MonoAndroid81\lp\5\jl\glide-full-4.7.0.jar C:\Users\alien\AppData\Local\Xamarin\Xamarin.Android.Support.v13\23.1.1.0\embedded\libs\internal_impl-23.1.1.jar C:\Users\alien\AppData\Local\Xamarin\Xamarin.Android.Support.v13\23.1.1.0\embedded\classes.jar C:\Users\alien\AppData\Local\Xamarin\Xamarin.Android.Support.v7.Palette\23.1.1.0\embedded\classes.jar
java_class_path (initial): D:\alien\appdata\local\Android\Sdk\build-tools\27.0.3\\lib\dx.jar
Launcher Type: SUN_STANDARD

Environment Variables:
JAVA_HOME=C:\Program Files\Java\jdk1.8.0_161
PATH=C:\ProgramData\Oracle\Java\javapath;C:\Windows\system32;C:\Windows;C:\Windows\System32\Wbem;C:\Windows\System32\WindowsPowerShell\v1.0\;C:\Program Files\Java\jdk1.8.0_161\bin;;C:\Program Files (x86)\NVIDIA Corporation\PhysX\Common;C:\WINDOWS\system32;C:\WINDOWS;C:\WINDOWS\System32\Wbem;C:\WINDOWS\System32\WindowsPowerShell\v1.0\;C:\WINDOWS\System32\OpenSSH\;C:\Program Files\nodejs\;C:\Program Files (x86)\Windows Kits\8.1\Windows Performance Toolkit\;C:\Program Files\dotnet\;C:\oraclexe\app\oracle\product\11.2.0\server\bin;C:\ProgramData\Oracle\Java\javapath;C:\Windows\system32;C:\Windows;C:\Windows\System32\Wbem;C:\Windows\System32\WindowsPowerShell\v1.0\;C:\Program Files\Java\jdk1.8.0_161\bin;C:\Program Files (x86)\NVIDIA Corporation\PhysX\Common;C:\WINDOWS\system32;C:\WINDOWS;C:\WINDOWS\System32\Wbem;C:\WINDOWS\System32\WindowsPowerShell\v1.0\;C:\WINDOWS\System32\OpenSSH\;C:\Program Files\nodejs\;C:\Users\alien\AppData\Local\Microsoft\WindowsApps;C:\Users\alien\AppData\Local\GitHubDesktop\bin;C:\Program Files\Microsoft VS Code\bin;C:\Users\alien\AppData\Roaming\npm
USERNAME=alien
OS=Windows_NT
PROCESSOR_IDENTIFIER=Intel64 Family 6 Model 58 Stepping 9, GenuineIntel



---------------  S Y S T E M  ---------------

OS: Windows 10.0 , 64 bit Build 17134 (10.0.17134.1)

CPU:total 4 (initial active 4) (4 cores per cpu, 1 threads per core) family 6 model 58 stepping 9, cmov, cx8, fxsr, mmx, sse, sse2, sse3, ssse3, sse4.1, sse4.2, popcnt, avx, aes, clmul, erms, tsc, tscinvbit, tscinv

Memory: 4k page, physical 9390496k(1882076k free), swap 11487648k(5532k free)

vm_info: Java HotSpot(TM) 64-Bit Server VM (25.161-b12) for windows-amd64 JRE (1.8.0_161-b12), built on Dec 19 2017 17:52:25 by "java_re" with MS VC++ 10.0 (VS2010)

time: Sat Nov 03 02:20:19 2018
elapsed time: 2 seconds (0d 0h 0m 2s)

