#
# There is insufficient memory for the Java Runtime Environment to continue.
# Native memory allocation (malloc) failed to allocate 803696 bytes for Chunk::new
# Possible reasons:
#   The system is out of physical RAM or swap space
#   In 32 bit mode, the process size limit was hit
# Possible solutions:
#   Reduce memory load on the system
#   Increase physical memory or swap space
#   Check if swap backing store is full
#   Use 64 bit Java on a 64 bit OS
#   Decrease Java heap size (-Xmx/-Xms)
#   Decrease number of Java threads
#   Decrease Java thread stack sizes (-Xss)
#   Set larger code cache with -XX:ReservedCodeCacheSize=
# This output file may be truncated or incomplete.
#
#  Out of Memory Error (allocation.cpp:390), pid=7580, tid=0x0000000000003444
#
# JRE version: Java(TM) SE Runtime Environment (8.0_161-b12) (build 1.8.0_161-b12)
# Java VM: Java HotSpot(TM) 64-Bit Server VM (25.161-b12 mixed mode windows-amd64 compressed oops)
# Failed to write core dump. Minidumps are not enabled by default on client versions of Windows
#

---------------  T H R E A D  ---------------

Current thread (0x0000000014f94000):  JavaThread "C2 CompilerThread1" daemon [_thread_in_native, id=13380, stack(0x00000000166f0000,0x00000000167f0000)]

Stack: [0x00000000166f0000,0x00000000167f0000]
[error occurred during error reporting (printing stack bounds), id 0xc0000005]

Native frames: (J=compiled Java code, j=interpreted, Vv=VM code, C=native code)


Current CompileTask:
C2:   2401 1865   !   4       com.android.dx.cf.code.Ropper::processBlock (1101 bytes)


---------------  P R O C E S S  ---------------

Java Threads: ( => current thread )
  0x0000000016c88000 JavaThread "pool-2-thread-1" [_thread_blocked, id=3904, stack(0x0000000016ff0000,0x00000000170f0000)]
  0x0000000016c85000 JavaThread "pool-1-thread-1" [_thread_in_Java, id=14212, stack(0x0000000016ef0000,0x0000000016ff0000)]
  0x0000000014fa1800 JavaThread "Service Thread" daemon [_thread_blocked, id=7656, stack(0x00000000168f0000,0x00000000169f0000)]
  0x0000000014f97000 JavaThread "C1 CompilerThread2" daemon [_thread_blocked, id=5388, stack(0x00000000167f0000,0x00000000168f0000)]
=>0x0000000014f94000 JavaThread "C2 CompilerThread1" daemon [_thread_in_native, id=13380, stack(0x00000000166f0000,0x00000000167f0000)]
  0x0000000014f91000 JavaThread "C2 CompilerThread0" daemon [_thread_in_native, id=13780, stack(0x00000000165f0000,0x00000000166f0000)]
  0x0000000014f8f800 JavaThread "Attach Listener" daemon [_thread_blocked, id=3812, stack(0x00000000164f0000,0x00000000165f0000)]
  0x0000000014f8e800 JavaThread "Signal Dispatcher" daemon [_thread_blocked, id=7152, stack(0x00000000163f0000,0x00000000164f0000)]
  0x0000000014f7a800 JavaThread "Finalizer" daemon [_thread_blocked, id=13640, stack(0x00000000161e0000,0x00000000162e0000)]
  0x00000000028b3000 JavaThread "Reference Handler" daemon [_thread_blocked, id=10676, stack(0x00000000160e0000,0x00000000161e0000)]
  0x00000000027c2800 JavaThread "main" [_thread_in_Java, id=13848, stack(0x00000000026c0000,0x00000000027c0000)]

Other Threads:
  0x0000000014f57000 VMThread [stack: 0x0000000015fe0000,0x00000000160e0000] [id=11392]
  0x0000000016a2a800 WatcherThread [stack: 0x0000000016df0000,0x0000000016ef0000] [id=13680]

VM state:not at safepoint (normal execution)

VM Mutex/Monitor currently owned by a thread: None

Heap:
 PSYoungGen      total 153600K, used 106500K [0x00000000eab00000, 0x00000000f4700000, 0x0000000100000000)
  eden space 147456K, 68% used [0x00000000eab00000,0x00000000f0d07ca0,0x00000000f3b00000)
  from space 6144K, 99% used [0x00000000f3b00000,0x00000000f40f9738,0x00000000f4100000)
  to   space 6144K, 0% used [0x00000000f4100000,0x00000000f4100000,0x00000000f4700000)
 ParOldGen       total 98304K, used 58157K [0x00000000c0000000, 0x00000000c6000000, 0x00000000eab00000)
  object space 98304K, 59% used [0x00000000c0000000,0x00000000c38cb648,0x00000000c6000000)
 Metaspace       used 6777K, capacity 7320K, committed 7680K, reserved 1056768K
  class space    used 647K, capacity 656K, committed 768K, reserved 1048576K

Card table byte_map: [0x0000000011c80000,0x0000000011e90000] byte_map_base: 0x0000000011680000

Marking Bits: (ParMarkBitMap*) 0x000000007236f860
 Begin Bits: [0x00000000123f0000, 0x00000000133f0000)
 End Bits:   [0x00000000133f0000, 0x00000000143f0000)

Polling page: 0x0000000000b40000

CodeCache: size=245760Kb used=8552Kb max_used=8552Kb free=237207Kb
 bounds [0x00000000028c0000, 0x0000000003130000, 0x00000000118c0000]
 total_blobs=2301 nmethods=2028 adapters=185
 compilation: enabled

Compilation events (10 events):
Event: 2.348 Thread 0x0000000014f97000 2091       2       java.util.HashMap$TreeNode::balanceInsertion (245 bytes)
Event: 2.348 Thread 0x0000000014f97000 nmethod 2091 0x0000000003113d10 code [0x0000000003113f00, 0x00000000031144d8]
Event: 2.361 Thread 0x0000000014f97000 2092       2       com.android.dx.rop.code.Rops::opConv (231 bytes)
Event: 2.362 Thread 0x0000000014f97000 nmethod 2092 0x00000000031121d0 code [0x0000000003112460, 0x0000000003112ff8]
Event: 2.364 Thread 0x0000000014f97000 2094       3       com.android.dx.ssa.SsaRenamer::<init> (100 bytes)
Event: 2.364 Thread 0x0000000014f97000 nmethod 2094 0x000000000311d950 code [0x000000000311db40, 0x000000000311e648]
Event: 2.389 Thread 0x0000000014f97000 2095       2       com.android.dx.rop.code.Rops::opCmpl (53 bytes)
Event: 2.390 Thread 0x0000000014f97000 nmethod 2095 0x0000000003111850 code [0x0000000003111a20, 0x0000000003111eb8]
Event: 2.395 Thread 0x0000000014f97000 2096 %     3       com.android.dx.ssa.back.FirstFitLocalCombiningAllocator::handleLocalAssociatedOther @ 15 (151 bytes)
Event: 2.396 Thread 0x0000000014f97000 nmethod 2096% 0x000000000311ead0 code [0x000000000311ed60, 0x000000000311fe98]

GC Heap History (10 events):
Event: 0.667 GC heap before
{Heap before GC invocations=1 (full 0):
 PSYoungGen      total 43008K, used 36864K [0x00000000eab00000, 0x00000000edb00000, 0x0000000100000000)
  eden space 36864K, 100% used [0x00000000eab00000,0x00000000ecf00000,0x00000000ecf00000)
  from space 6144K, 0% used [0x00000000ed500000,0x00000000ed500000,0x00000000edb00000)
  to   space 6144K, 0% used [0x00000000ecf00000,0x00000000ecf00000,0x00000000ed500000)
 ParOldGen       total 98304K, used 0K [0x00000000c0000000, 0x00000000c6000000, 0x00000000eab00000)
  object space 98304K, 0% used [0x00000000c0000000,0x00000000c0000000,0x00000000c6000000)
 Metaspace       used 6400K, capacity 7128K, committed 7424K, reserved 1056768K
  class space    used 646K, capacity 656K, committed 768K, reserved 1048576K
Event: 0.683 GC heap after
Heap after GC invocations=1 (full 0):
 PSYoungGen      total 43008K, used 6138K [0x00000000eab00000, 0x00000000eff00000, 0x0000000100000000)
  eden space 36864K, 0% used [0x00000000eab00000,0x00000000eab00000,0x00000000ecf00000)
  from space 6144K, 99% used [0x00000000ecf00000,0x00000000ed4feb08,0x00000000ed500000)
  to   space 6144K, 0% used [0x00000000ef900000,0x00000000ef900000,0x00000000eff00000)
 ParOldGen       total 98304K, used 1624K [0x00000000c0000000, 0x00000000c6000000, 0x00000000eab00000)
  object space 98304K, 1% used [0x00000000c0000000,0x00000000c01961c0,0x00000000c6000000)
 Metaspace       used 6400K, capacity 7128K, committed 7424K, reserved 1056768K
  class space    used 646K, capacity 656K, committed 768K, reserved 1048576K
}
Event: 0.839 GC heap before
{Heap before GC invocations=2 (full 0):
 PSYoungGen      total 43008K, used 43002K [0x00000000eab00000, 0x00000000eff00000, 0x0000000100000000)
  eden space 36864K, 100% used [0x00000000eab00000,0x00000000ecf00000,0x00000000ecf00000)
  from space 6144K, 99% used [0x00000000ecf00000,0x00000000ed4feb08,0x00000000ed500000)
  to   space 6144K, 0% used [0x00000000ef900000,0x00000000ef900000,0x00000000eff00000)
 ParOldGen       total 98304K, used 1624K [0x00000000c0000000, 0x00000000c6000000, 0x00000000eab00000)
  object space 98304K, 1% used [0x00000000c0000000,0x00000000c01961c0,0x00000000c6000000)
 Metaspace       used 6475K, capacity 7128K, committed 7424K, reserved 1056768K
  class space    used 646K, capacity 656K, committed 768K, reserved 1048576K
Event: 0.859 GC heap after
Heap after GC invocations=2 (full 0):
 PSYoungGen      total 79872K, used 6123K [0x00000000eab00000, 0x00000000eff00000, 0x0000000100000000)
  eden space 73728K, 0% used [0x00000000eab00000,0x00000000eab00000,0x00000000ef300000)
  from space 6144K, 99% used [0x00000000ef900000,0x00000000efefaf90,0x00000000eff00000)
  to   space 6144K, 0% used [0x00000000ef300000,0x00000000ef300000,0x00000000ef900000)
 ParOldGen       total 98304K, used 9656K [0x00000000c0000000, 0x00000000c6000000, 0x00000000eab00000)
  object space 98304K, 9% used [0x00000000c0000000,0x00000000c096e3c0,0x00000000c6000000)
 Metaspace       used 6475K, capacity 7128K, committed 7424K, reserved 1056768K
  class space    used 646K, capacity 656K, committed 768K, reserved 1048576K
}
Event: 1.189 GC heap before
{Heap before GC invocations=3 (full 0):
 PSYoungGen      total 79872K, used 79851K [0x00000000eab00000, 0x00000000eff00000, 0x0000000100000000)
  eden space 73728K, 100% used [0x00000000eab00000,0x00000000ef300000,0x00000000ef300000)
  from space 6144K, 99% used [0x00000000ef900000,0x00000000efefaf90,0x00000000eff00000)
  to   space 6144K, 0% used [0x00000000ef300000,0x00000000ef300000,0x00000000ef900000)
 ParOldGen       total 98304K, used 9656K [0x00000000c0000000, 0x00000000c6000000, 0x00000000eab00000)
  object space 98304K, 9% used [0x00000000c0000000,0x00000000c096e3c0,0x00000000c6000000)
 Metaspace       used 6582K, capacity 7192K, committed 7424K, reserved 1056768K
  class space    used 646K, capacity 656K, committed 768K, reserved 1048576K
Event: 1.214 GC heap after
Heap after GC invocations=3 (full 0):
 PSYoungGen      total 79872K, used 6123K [0x00000000eab00000, 0x00000000f4700000, 0x0000000100000000)
  eden space 73728K, 0% used [0x00000000eab00000,0x00000000eab00000,0x00000000ef300000)
  from space 6144K, 99% used [0x00000000ef300000,0x00000000ef8fada8,0x00000000ef900000)
  to   space 6144K, 0% used [0x00000000f4100000,0x00000000f4100000,0x00000000f4700000)
 ParOldGen       total 98304K, used 23432K [0x00000000c0000000, 0x00000000c6000000, 0x00000000eab00000)
  object space 98304K, 23% used [0x00000000c0000000,0x00000000c16e2068,0x00000000c6000000)
 Metaspace       used 6582K, capacity 7192K, committed 7424K, reserved 1056768K
  class space    used 646K, capacity 656K, committed 768K, reserved 1048576K
}
Event: 1.501 GC heap before
{Heap before GC invocations=4 (full 0):
 PSYoungGen      total 79872K, used 79851K [0x00000000eab00000, 0x00000000f4700000, 0x0000000100000000)
  eden space 73728K, 100% used [0x00000000eab00000,0x00000000ef300000,0x00000000ef300000)
  from space 6144K, 99% used [0x00000000ef300000,0x00000000ef8fada8,0x00000000ef900000)
  to   space 6144K, 0% used [0x00000000f4100000,0x00000000f4100000,0x00000000f4700000)
 ParOldGen       total 98304K, used 23432K [0x00000000c0000000, 0x00000000c6000000, 0x00000000eab00000)
  object space 98304K, 23% used [0x00000000c0000000,0x00000000c16e2068,0x00000000c6000000)
 Metaspace       used 6685K, capacity 7256K, committed 7424K, reserved 1056768K
  class space    used 646K, capacity 656K, committed 768K, reserved 1048576K
Event: 1.523 GC heap after
Heap after GC invocations=4 (full 0):
 PSYoungGen      total 153600K, used 6141K [0x00000000eab00000, 0x00000000f4700000, 0x0000000100000000)
  eden space 147456K, 0% used [0x00000000eab00000,0x00000000eab00000,0x00000000f3b00000)
  from space 6144K, 99% used [0x00000000f4100000,0x00000000f46ff678,0x00000000f4700000)
  to   space 6144K, 0% used [0x00000000f3b00000,0x00000000f3b00000,0x00000000f4100000)
 ParOldGen       total 98304K, used 35832K [0x00000000c0000000, 0x00000000c6000000, 0x00000000eab00000)
  object space 98304K, 36% used [0x00000000c0000000,0x00000000c22fe360,0x00000000c6000000)
 Metaspace       used 6685K, capacity 7256K, committed 7424K, reserved 1056768K
  class space    used 646K, capacity 656K, committed 768K, reserved 1048576K
}
Event: 2.032 GC heap before
{Heap before GC invocations=5 (full 0):
 PSYoungGen      total 153600K, used 153597K [0x00000000eab00000, 0x00000000f4700000, 0x0000000100000000)
  eden space 147456K, 100% used [0x00000000eab00000,0x00000000f3b00000,0x00000000f3b00000)
  from space 6144K, 99% used [0x00000000f4100000,0x00000000f46ff678,0x00000000f4700000)
  to   space 6144K, 0% used [0x00000000f3b00000,0x00000000f3b00000,0x00000000f4100000)
 ParOldGen       total 98304K, used 35832K [0x00000000c0000000, 0x00000000c6000000, 0x00000000eab00000)
  object space 98304K, 36% used [0x00000000c0000000,0x00000000c22fe360,0x00000000c6000000)
 Metaspace       used 6755K, capacity 7320K, committed 7680K, reserved 1056768K
  class space    used 647K, capacity 656K, committed 768K, reserved 1048576K
Event: 2.079 GC heap after
Heap after GC invocations=5 (full 0):
 PSYoungGen      total 153600K, used 6117K [0x00000000eab00000, 0x00000000f4700000, 0x0000000100000000)
  eden space 147456K, 0% used [0x00000000eab00000,0x00000000eab00000,0x00000000f3b00000)
  from space 6144K, 99% used [0x00000000f3b00000,0x00000000f40f9738,0x00000000f4100000)
  to   space 6144K, 0% used [0x00000000f4100000,0x00000000f4100000,0x00000000f4700000)
 ParOldGen       total 98304K, used 58157K [0x00000000c0000000, 0x00000000c6000000, 0x00000000eab00000)
  object space 98304K, 59% used [0x00000000c0000000,0x00000000c38cb648,0x00000000c6000000)
 Metaspace       used 6755K, capacity 7320K, committed 7680K, reserved 1056768K
  class space    used 647K, capacity 656K, committed 768K, reserved 1048576K
}

Deoptimization events (10 events):
Event: 2.152 Thread 0x0000000016c85000 Uncommon trap: reason=class_check action=maybe_recompile pc=0x0000000002f800e0 method=com.android.dx.cf.code.RopperMachine.run(Lcom/android/dx/cf/code/Frame;II)V @ 1051
Event: 2.153 Thread 0x0000000016c85000 Uncommon trap: reason=class_check action=maybe_recompile pc=0x0000000002f800e0 method=com.android.dx.cf.code.RopperMachine.run(Lcom/android/dx/cf/code/Frame;II)V @ 1051
Event: 2.187 Thread 0x00000000027c2800 Uncommon trap: reason=unstable_if action=reinterpret pc=0x0000000002f63aec method=java.util.concurrent.ConcurrentHashMap.get(Ljava/lang/Object;)Ljava/lang/Object; @ 127
Event: 2.191 Thread 0x00000000027c2800 Uncommon trap: reason=unstable_if action=reinterpret pc=0x0000000002f57280 method=java.util.concurrent.ConcurrentHashMap.get(Ljava/lang/Object;)Ljava/lang/Object; @ 127
Event: 2.234 Thread 0x00000000027c2800 Uncommon trap: reason=unstable_if action=reinterpret pc=0x0000000002da3998 method=com.android.dx.ssa.SsaMethod.getExitBlock()Lcom/android/dx/ssa/SsaBasicBlock; @ 4
Event: 2.234 Thread 0x00000000027c2800 Uncommon trap: reason=unstable_if action=reinterpret pc=0x0000000002b711f4 method=com.android.dx.ssa.SsaMethod.getExitBlock()Lcom/android/dx/ssa/SsaBasicBlock; @ 4
Event: 2.236 Thread 0x00000000027c2800 Uncommon trap: reason=unstable_if action=reinterpret pc=0x0000000003071194 method=com.android.dx.ssa.SsaMethod.getExitBlock()Lcom/android/dx/ssa/SsaBasicBlock; @ 4
Event: 2.243 Thread 0x0000000016c85000 Uncommon trap: reason=class_check action=maybe_recompile pc=0x00000000030d15a0 method=com.android.dx.ssa.SCCP.simulateBranch(Lcom/android/dx/ssa/SsaInsn;)V @ 145
Event: 2.245 Thread 0x0000000016c85000 Uncommon trap: reason=class_check action=maybe_recompile pc=0x00000000030d15a0 method=com.android.dx.ssa.SCCP.simulateBranch(Lcom/android/dx/ssa/SsaInsn;)V @ 145
Event: 2.252 Thread 0x00000000027c2800 Uncommon trap: reason=class_check action=maybe_recompile pc=0x0000000002f800e0 method=com.android.dx.cf.code.RopperMachine.run(Lcom/android/dx/cf/code/Frame;II)V @ 1051

Classes redefined (0 events):
No events

Internal exceptions (9 events):
Event: 0.029 Thread 0x00000000027c2800 Exception <a 'java/lang/NoSuchMethodError': Method sun.misc.Unsafe.defineClass(Ljava/lang/String;[BII)Ljava/lang/Class; name or signature does not match> (0x00000000eab07ca0) thrown at [C:\re\workspace\8-2-build-windows-amd64-cygwin\jdk8u161\10277\hotspot
Event: 0.029 Thread 0x00000000027c2800 Exception <a 'java/lang/NoSuchMethodError': Method sun.misc.Unsafe.prefetchRead(Ljava/lang/Object;J)V name or signature does not match> (0x00000000eab07f88) thrown at [C:\re\workspace\8-2-build-windows-amd64-cygwin\jdk8u161\10277\hotspot\src\share\vm\prim
Event: 0.486 Thread 0x0000000016c85000 Implicit null exception at 0x0000000002c414d7 to 0x0000000002c44169
Event: 0.637 Thread 0x00000000027c2800 Exception <a 'java/lang/ArrayIndexOutOfBoundsException': 18> (0x00000000ecb4cc00) thrown at [C:\re\workspace\8-2-build-windows-amd64-cygwin\jdk8u161\10277\hotspot\src\share\vm\interpreter\interpreterRuntime.cpp, line 366]
Event: 0.638 Thread 0x00000000027c2800 Exception <a 'java/lang/ArrayIndexOutOfBoundsException': 145> (0x00000000ecb4e780) thrown at [C:\re\workspace\8-2-build-windows-amd64-cygwin\jdk8u161\10277\hotspot\src\share\vm\interpreter\interpreterRuntime.cpp, line 366]
Event: 0.638 Thread 0x00000000027c2800 Exception <a 'java/lang/ArrayIndexOutOfBoundsException'> (0x00000000ecb4fa68) thrown at [C:\re\workspace\8-2-build-windows-amd64-cygwin\jdk8u161\10277\hotspot\src\share\vm\runtime\sharedRuntime.cpp, line 605]
Event: 1.815 Thread 0x0000000016c85000 Implicit null exception at 0x0000000002f8f155 to 0x0000000002f8fd1d
Event: 1.815 Thread 0x0000000016c85000 Implicit null exception at 0x0000000002f94ad2 to 0x0000000002f9569d
Event: 1.818 Thread 0x0000000016c85000 Implicit null exception at 0x0000000002febd9d to 0x0000000002fed829

Events (10 events):
Event: 2.248 Thread 0x00000000027c2800 DEOPT UNPACKING pc=0x0000000002907890 sp=0x00000000027bddb0 mode 0
Event: 2.252 Thread 0x00000000027c2800 Uncommon trap: trap_request=0xffffffde fr.pc=0x0000000002f800e0
Event: 2.252 Thread 0x00000000027c2800 DEOPT PACKING pc=0x0000000002f800e0 sp=0x00000000027bd8a0
Event: 2.252 Thread 0x00000000027c2800 DEOPT UNPACKING pc=0x000000000290583b sp=0x00000000027bd848 mode 2
Event: 2.305 Thread 0x00000000027c2800 DEOPT PACKING pc=0x0000000002d56e19 sp=0x00000000027be0e0
Event: 2.305 Thread 0x00000000027c2800 DEOPT UNPACKING pc=0x0000000002907890 sp=0x00000000027bdf10 mode 0
Event: 2.362 Thread 0x00000000027c2800 DEOPT PACKING pc=0x0000000002d56e19 sp=0x00000000027be0e0
Event: 2.362 Thread 0x00000000027c2800 DEOPT UNPACKING pc=0x0000000002907890 sp=0x00000000027bdf10 mode 0
Event: 2.398 loading class java/nio/file/attribute/FileTime
Event: 2.399 loading class java/nio/file/attribute/FileTime done


Dynamic libraries:
0x00007ff7c1020000 - 0x00007ff7c1057000 	C:\Program Files\Java\jdk1.8.0_161\bin\java.exe
0x00007fff894d0000 - 0x00007fff896b1000 	C:\WINDOWS\SYSTEM32\ntdll.dll
0x00007fff89250000 - 0x00007fff89302000 	C:\WINDOWS\System32\KERNEL32.DLL
0x00007fff866e0000 - 0x00007fff86953000 	C:\WINDOWS\System32\KERNELBASE.dll
0x00007fff88e80000 - 0x00007fff88f21000 	C:\WINDOWS\System32\ADVAPI32.dll
0x00007fff89310000 - 0x00007fff893ae000 	C:\WINDOWS\System32\msvcrt.dll
0x00007fff893c0000 - 0x00007fff8941b000 	C:\WINDOWS\System32\sechost.dll
0x00007fff88330000 - 0x00007fff88454000 	C:\WINDOWS\System32\RPCRT4.dll
0x00007fff888b0000 - 0x00007fff88a40000 	C:\WINDOWS\System32\USER32.dll
0x00007fff863d0000 - 0x00007fff863f0000 	C:\WINDOWS\System32\win32u.dll
0x00007fff86b90000 - 0x00007fff86bb8000 	C:\WINDOWS\System32\GDI32.dll
0x00007fff863f0000 - 0x00007fff86582000 	C:\WINDOWS\System32\gdi32full.dll
0x00007fff865e0000 - 0x00007fff8667f000 	C:\WINDOWS\System32\msvcp_win.dll
0x00007fff862d0000 - 0x00007fff863ca000 	C:\WINDOWS\System32\ucrtbase.dll
0x00007fff78320000 - 0x00007fff78589000 	C:\WINDOWS\WinSxS\amd64_microsoft.windows.common-controls_6595b64144ccf1df_6.0.17134.345_none_fb429a5930656358\COMCTL32.dll
0x00007fff88b50000 - 0x00007fff88e73000 	C:\WINDOWS\System32\combase.dll
0x00007fff858a0000 - 0x00007fff8591a000 	C:\WINDOWS\System32\bcryptPrimitives.dll
0x00007fff88ac0000 - 0x00007fff88aed000 	C:\WINDOWS\System32\IMM32.DLL
0x00000000723f0000 - 0x00000000724c2000 	C:\Program Files\Java\jdk1.8.0_161\jre\bin\msvcr100.dll
0x0000000071b50000 - 0x00000000723ef000 	C:\Program Files\Java\jdk1.8.0_161\jre\bin\server\jvm.dll
0x00007fff89040000 - 0x00007fff89048000 	C:\WINDOWS\System32\PSAPI.DLL
0x00007fff82bb0000 - 0x00007fff82bb9000 	C:\WINDOWS\SYSTEM32\WSOCK32.dll
0x00007fff81d50000 - 0x00007fff81d5a000 	C:\WINDOWS\SYSTEM32\VERSION.dll
0x00007fff79680000 - 0x00007fff796a3000 	C:\WINDOWS\SYSTEM32\WINMM.dll
0x00007fff89430000 - 0x00007fff8949c000 	C:\WINDOWS\System32\WS2_32.dll
0x00007fff782f0000 - 0x00007fff7831a000 	C:\WINDOWS\SYSTEM32\winmmbase.dll
0x00007fff86590000 - 0x00007fff865d9000 	C:\WINDOWS\System32\cfgmgr32.dll
0x0000000071b40000 - 0x0000000071b4f000 	C:\Program Files\Java\jdk1.8.0_161\jre\bin\verify.dll
0x0000000071b10000 - 0x0000000071b39000 	C:\Program Files\Java\jdk1.8.0_161\jre\bin\java.dll
0x0000000071af0000 - 0x0000000071b06000 	C:\Program Files\Java\jdk1.8.0_161\jre\bin\zip.dll
0x00007fff86ef0000 - 0x00007fff8832f000 	C:\WINDOWS\System32\SHELL32.dll
0x00007fff86960000 - 0x00007fff86a09000 	C:\WINDOWS\System32\shcore.dll
0x00007fff85bc0000 - 0x00007fff862cd000 	C:\WINDOWS\System32\windows.storage.dll
0x00007fff86bc0000 - 0x00007fff86c11000 	C:\WINDOWS\System32\shlwapi.dll
0x00007fff85860000 - 0x00007fff85871000 	C:\WINDOWS\System32\kernel.appcore.dll
0x00007fff857e0000 - 0x00007fff857ff000 	C:\WINDOWS\System32\profapi.dll
0x00007fff85810000 - 0x00007fff8585c000 	C:\WINDOWS\System32\powrprof.dll
0x00007fff85800000 - 0x00007fff8580a000 	C:\WINDOWS\System32\FLTLIB.DLL

VM Arguments:
jvm_args: -Xmx1G 
java_command: C:\Users\alien\AppData\Local\Android\Sdk\build-tools\27.0.3\\lib\dx.jar --dex --no-strict --output obj\Debug\MonoAndroid81\android\bin D:\Proyectos c#\App1 v3\App1\obj\Debug\MonoAndroid81\android\bin\classes.zip D:\Visual Studio\Common7\IDE\ReferenceAssemblies\Microsoft\Framework\MonoAndroid\v8.1\mono.android.jar obj\\Debug\MonoAndroid81\lp\15\jl\okhttp-2.3.0-jar-with-dependencies.jar obj\\Debug\MonoAndroid81\lp\25\jl\bin\classes.jar obj\\Debug\MonoAndroid81\lp\27\jl\bin\classes.jar obj\\Debug\MonoAndroid81\lp\28\jl\bin\classes.jar obj\\Debug\MonoAndroid81\lp\29\jl\bin\classes.jar obj\\Debug\MonoAndroid81\lp\30\jl\bin\classes.jar obj\\Debug\MonoAndroid81\lp\31\jl\bin\classes.jar obj\\Debug\MonoAndroid81\lp\32\jl\bin\classes.jar obj\\Debug\MonoAndroid81\lp\33\jl\bin\classes.jar obj\\Debug\MonoAndroid81\lp\35\jl\bin\classes.jar obj\\Debug\MonoAndroid81\lp\36\jl\bin\classes.jar obj\\Debug\MonoAndroid81\lp\37\jl\bin\classes.jar obj\\Debug\MonoAndroid81\lp\39\jl\bin\classes.jar obj\\Debug\MonoAndroid81\lp\40\jl\bin\classes.jar obj\\Debug\MonoAndroid81\lp\5\jl\glide-full-4.7.0.jar C:\Users\alien\AppData\Local\Xamarin\Xamarin.Android.Support.v13\23.1.1.0\embedded\libs\internal_impl-23.1.1.jar C:\Users\alien\AppData\Local\Xamarin\Xamarin.Android.Support.v13\23.1.1.0\embedded\classes.jar C:\Users\alien\AppData\Local\Xamarin\Xamarin.Android.Support.v7.Palette\23.1.1.0\embedded\classes.jar
java_class_path (initial): C:\Users\alien\AppData\Local\Android\Sdk\build-tools\27.0.3\\lib\dx.jar
Launcher Type: SUN_STANDARD

Environment Variables:
JAVA_HOME=C:\Program Files\Java\jdk1.8.0_161
PATH=C:\ProgramData\Oracle\Java\javapath;C:\Windows\system32;C:\Windows;C:\Windows\System32\Wbem;C:\Windows\System32\WindowsPowerShell\v1.0\;C:\Program Files\Java\jdk1.8.0_161\bin;;C:\Program Files (x86)\NVIDIA Corporation\PhysX\Common;C:\WINDOWS\system32;C:\WINDOWS;C:\WINDOWS\System32\Wbem;C:\WINDOWS\System32\WindowsPowerShell\v1.0\;C:\WINDOWS\System32\OpenSSH\;C:\Program Files\nodejs\;C:\Program Files (x86)\Windows Kits\8.1\Windows Performance Toolkit\;C:\Program Files\dotnet\;C:\oraclexe\app\oracle\product\11.2.0\server\bin;C:\ProgramData\Oracle\Java\javapath;C:\Windows\system32;C:\Windows;C:\Windows\System32\Wbem;C:\Windows\System32\WindowsPowerShell\v1.0\;C:\Program Files\Java\jdk1.8.0_161\bin;C:\Program Files (x86)\NVIDIA Corporation\PhysX\Common;C:\WINDOWS\system32;C:\WINDOWS;C:\WINDOWS\System32\Wbem;C:\WINDOWS\System32\WindowsPowerShell\v1.0\;C:\WINDOWS\System32\OpenSSH\;C:\Program Files\nodejs\;C:\Users\alien\AppData\Local\Microsoft\WindowsApps;C:\Users\alien\AppData\Local\GitHubDesktop\bin;C:\Program Files\Microsoft VS Code\bin;C:\Users\alien\AppData\Roaming\npm
USERNAME=alien
OS=Windows_NT
PROCESSOR_IDENTIFIER=Intel64 Family 6 Model 58 Stepping 9, GenuineIntel



---------------  S Y S T E M  ---------------

OS: Windows 10.0 , 64 bit Build 17134 (10.0.17134.1)

CPU:total 4 (initial active 4) (4 cores per cpu, 1 threads per core) family 6 model 58 stepping 9, cmov, cx8, fxsr, mmx, sse, sse2, sse3, ssse3, sse4.1, sse4.2, popcnt, avx, aes, clmul, erms, tsc, tscinvbit, tscinv

Memory: 4k page, physical 9390496k(2376456k free), swap 11487648k(4660k free)

vm_info: Java HotSpot(TM) 64-Bit Server VM (25.161-b12) for windows-amd64 JRE (1.8.0_161-b12), built on Dec 19 2017 17:52:25 by "java_re" with MS VC++ 10.0 (VS2010)

time: Sat Oct 27 02:33:37 2018
elapsed time: 2 seconds (0d 0h 0m 2s)

