#
# There is insufficient memory for the Java Runtime Environment to continue.
# Native memory allocation (malloc) failed to allocate 846736 bytes for Chunk::new
# Possible reasons:
#   The system is out of physical RAM or swap space
#   In 32 bit mode, the process size limit was hit
# Possible solutions:
#   Reduce memory load on the system
#   Increase physical memory or swap space
#   Check if swap backing store is full
#   Use 64 bit Java on a 64 bit OS
#   Decrease Java heap size (-Xmx/-Xms)
#   Decrease number of Java threads
#   Decrease Java thread stack sizes (-Xss)
#   Set larger code cache with -XX:ReservedCodeCacheSize=
# This output file may be truncated or incomplete.
#
#  Out of Memory Error (allocation.cpp:390), pid=31424, tid=0x00000000000001e0
#
# JRE version: Java(TM) SE Runtime Environment (8.0_161-b12) (build 1.8.0_161-b12)
# Java VM: Java HotSpot(TM) 64-Bit Server VM (25.161-b12 mixed mode windows-amd64 compressed oops)
# Failed to write core dump. Minidumps are not enabled by default on client versions of Windows
#

---------------  T H R E A D  ---------------

Current thread (0x0000000015a64800):  JavaThread "C2 CompilerThread1" daemon [_thread_in_native, id=480, stack(0x00000000171e0000,0x00000000172e0000)]

Stack: [0x00000000171e0000,0x00000000172e0000]
[error occurred during error reporting (printing stack bounds), id 0xc0000005]

Native frames: (J=compiled Java code, j=interpreted, Vv=VM code, C=native code)


Current CompileTask:
C2: 152186 3287       4       com.android.dx.dex.file.DebugInfoEncoder::emitLocalsAtAddress (150 bytes)


---------------  P R O C E S S  ---------------

Java Threads: ( => current thread )
  0x000000001740d000 JavaThread "Service Thread" daemon [_thread_blocked, id=34400, stack(0x00000000177e0000,0x00000000178e0000)]
  0x0000000015a6a800 JavaThread "C1 CompilerThread2" daemon [_thread_blocked, id=10188, stack(0x00000000172e0000,0x00000000173e0000)]
=>0x0000000015a64800 JavaThread "C2 CompilerThread1" daemon [_thread_in_native, id=480, stack(0x00000000171e0000,0x00000000172e0000)]
  0x0000000015a60000 JavaThread "C2 CompilerThread0" daemon [_thread_in_native, id=26600, stack(0x00000000170e0000,0x00000000171e0000)]
  0x0000000015a5f000 JavaThread "Attach Listener" daemon [_thread_blocked, id=37992, stack(0x0000000016fe0000,0x00000000170e0000)]
  0x0000000015a5d800 JavaThread "Signal Dispatcher" daemon [_thread_blocked, id=19488, stack(0x0000000016ee0000,0x0000000016fe0000)]
  0x000000000338e800 JavaThread "Finalizer" daemon [_thread_blocked, id=22988, stack(0x0000000016cd0000,0x0000000016dd0000)]
  0x0000000003383800 JavaThread "Reference Handler" daemon [_thread_blocked, id=15028, stack(0x0000000016bd0000,0x0000000016cd0000)]
  0x0000000003292800 JavaThread "main" [_thread_in_Java, id=30504, stack(0x0000000003190000,0x0000000003290000)]

Other Threads:
  0x0000000015a27000 VMThread [stack: 0x0000000016ad0000,0x0000000016bd0000] [id=5968]
  0x000000001741e800 WatcherThread [stack: 0x00000000178e0000,0x00000000179e0000] [id=16188]

VM state:not at safepoint (normal execution)

VM Mutex/Monitor currently owned by a thread: None

Heap:
 PSYoungGen      total 153600K, used 60627K [0x00000000eab00000, 0x00000000fe480000, 0x0000000100000000)
  eden space 147456K, 36% used [0x00000000eab00000,0x00000000ee037258,0x00000000f3b00000)
  from space 6144K, 99% used [0x00000000f3b00000,0x00000000f40fdb58,0x00000000f4100000)
  to   space 82432K, 0% used [0x00000000f9400000,0x00000000f9400000,0x00000000fe480000)
 ParOldGen       total 699392K, used 349136K [0x00000000c0000000, 0x00000000eab00000, 0x00000000eab00000)
  object space 699392K, 49% used [0x00000000c0000000,0x00000000d54f40e8,0x00000000eab00000)
 Metaspace       used 7308K, capacity 7832K, committed 7936K, reserved 1056768K
  class space    used 669K, capacity 720K, committed 768K, reserved 1048576K

Card table byte_map: [0x0000000012750000,0x0000000012960000] byte_map_base: 0x0000000012150000

Marking Bits: (ParMarkBitMap*) 0x0000000058faf860
 Begin Bits: [0x0000000012ec0000, 0x0000000013ec0000)
 End Bits:   [0x0000000013ec0000, 0x0000000014ec0000)

Polling page: 0x0000000001200000

CodeCache: size=245760Kb used=11414Kb max_used=11414Kb free=234345Kb
 bounds [0x0000000003390000, 0x0000000003ed0000, 0x0000000012390000]
 total_blobs=3090 nmethods=2817 adapters=185
 compilation: enabled

Compilation events (10 events):
Event: 152.050 Thread 0x0000000015a6a800 3308   !   3       com.android.dx.dex.file.MixedItemSection::placeItems (185 bytes)
Event: 152.052 Thread 0x0000000015a6a800 nmethod 3308 0x0000000003e9d210 code [0x0000000003e9d5c0, 0x0000000003e9f488]
Event: 152.081 Thread 0x0000000015a6a800 3313       2       java.lang.reflect.Array::newInstance (6 bytes)
Event: 152.081 Thread 0x0000000015a6a800 nmethod 3313 0x0000000003e9cb10 code [0x0000000003e9cc60, 0x0000000003e9cda8]
Event: 152.083 Thread 0x0000000015a6a800 3314       2       java.util.TimSort::<init> (184 bytes)
Event: 152.083 Thread 0x0000000015a6a800 nmethod 3314 0x0000000003e9c310 code [0x0000000003e9c480, 0x0000000003e9c8d8]
Event: 152.083 Thread 0x0000000015a6a800 3315       2       java.util.TimSort::minRunLength (43 bytes)
Event: 152.083 Thread 0x0000000015a6a800 nmethod 3315 0x0000000003e9bf90 code [0x0000000003e9c0e0, 0x0000000003e9c270]
Event: 152.083 Thread 0x0000000015a6a800 3316       2       java.util.TimSort::mergeForceCollapse (50 bytes)
Event: 152.084 Thread 0x0000000015a6a800 nmethod 3316 0x0000000003e9ba90 code [0x0000000003e9bc00, 0x0000000003e9be48]

GC Heap History (10 events):
Event: 149.346 GC heap before
{Heap before GC invocations=621 (full 614):
 PSYoungGen      total 153600K, used 147456K [0x00000000eab00000, 0x00000000f4700000, 0x0000000100000000)
  eden space 147456K, 100% used [0x00000000eab00000,0x00000000f3b00000,0x00000000f3b00000)
  from space 6144K, 0% used [0x00000000f4100000,0x00000000f4100000,0x00000000f4700000)
  to   space 6144K, 0% used [0x00000000f3b00000,0x00000000f3b00000,0x00000000f4100000)
 ParOldGen       total 699392K, used 98109K [0x00000000c0000000, 0x00000000eab00000, 0x00000000eab00000)
  object space 699392K, 14% used [0x00000000c0000000,0x00000000c5fcf528,0x00000000eab00000)
 Metaspace       used 6843K, capacity 7384K, committed 7680K, reserved 1056768K
  class space    used 649K, capacity 656K, committed 768K, reserved 1048576K
Event: 149.473 GC heap after
Heap after GC invocations=621 (full 614):
 PSYoungGen      total 153600K, used 6115K [0x00000000eab00000, 0x00000000f4700000, 0x0000000100000000)
  eden space 147456K, 0% used [0x00000000eab00000,0x00000000eab00000,0x00000000f3b00000)
  from space 6144K, 99% used [0x00000000f3b00000,0x00000000f40f8e18,0x00000000f4100000)
  to   space 6144K, 0% used [0x00000000f4100000,0x00000000f4100000,0x00000000f4700000)
 ParOldGen       total 699392K, used 240968K [0x00000000c0000000, 0x00000000eab00000, 0x00000000eab00000)
  object space 699392K, 34% used [0x00000000c0000000,0x00000000ceb52048,0x00000000eab00000)
 Metaspace       used 6843K, capacity 7384K, committed 7680K, reserved 1056768K
  class space    used 649K, capacity 656K, committed 768K, reserved 1048576K
}
Event: 149.696 GC heap before
{Heap before GC invocations=622 (full 614):
 PSYoungGen      total 153600K, used 153571K [0x00000000eab00000, 0x00000000f4700000, 0x0000000100000000)
  eden space 147456K, 100% used [0x00000000eab00000,0x00000000f3b00000,0x00000000f3b00000)
  from space 6144K, 99% used [0x00000000f3b00000,0x00000000f40f8e18,0x00000000f4100000)
  to   space 6144K, 0% used [0x00000000f4100000,0x00000000f4100000,0x00000000f4700000)
 ParOldGen       total 699392K, used 240968K [0x00000000c0000000, 0x00000000eab00000, 0x00000000eab00000)
  object space 699392K, 34% used [0x00000000c0000000,0x00000000ceb52048,0x00000000eab00000)
 Metaspace       used 6843K, capacity 7384K, committed 7680K, reserved 1056768K
  class space    used 649K, capacity 656K, committed 768K, reserved 1048576K
Event: 149.744 GC heap after
Heap after GC invocations=622 (full 614):
 PSYoungGen      total 153600K, used 6137K [0x00000000eab00000, 0x00000000f4700000, 0x0000000100000000)
  eden space 147456K, 0% used [0x00000000eab00000,0x00000000eab00000,0x00000000f3b00000)
  from space 6144K, 99% used [0x00000000f4100000,0x00000000f46fe400,0x00000000f4700000)
  to   space 6144K, 0% used [0x00000000f3b00000,0x00000000f3b00000,0x00000000f4100000)
 ParOldGen       total 699392K, used 263510K [0x00000000c0000000, 0x00000000eab00000, 0x00000000eab00000)
  object space 699392K, 37% used [0x00000000c0000000,0x00000000d0155810,0x00000000eab00000)
 Metaspace       used 6843K, capacity 7384K, committed 7680K, reserved 1056768K
  class space    used 649K, capacity 656K, committed 768K, reserved 1048576K
}
Event: 150.028 GC heap before
{Heap before GC invocations=623 (full 614):
 PSYoungGen      total 153600K, used 153593K [0x00000000eab00000, 0x00000000f4700000, 0x0000000100000000)
  eden space 147456K, 100% used [0x00000000eab00000,0x00000000f3b00000,0x00000000f3b00000)
  from space 6144K, 99% used [0x00000000f4100000,0x00000000f46fe400,0x00000000f4700000)
  to   space 6144K, 0% used [0x00000000f3b00000,0x00000000f3b00000,0x00000000f4100000)
 ParOldGen       total 699392K, used 263510K [0x00000000c0000000, 0x00000000eab00000, 0x00000000eab00000)
  object space 699392K, 37% used [0x00000000c0000000,0x00000000d0155810,0x00000000eab00000)
 Metaspace       used 6853K, capacity 7384K, committed 7680K, reserved 1056768K
  class space    used 649K, capacity 656K, committed 768K, reserved 1048576K
Event: 150.064 GC heap after
Heap after GC invocations=623 (full 614):
 PSYoungGen      total 153600K, used 6140K [0x00000000eab00000, 0x00000000f4700000, 0x0000000100000000)
  eden space 147456K, 0% used [0x00000000eab00000,0x00000000eab00000,0x00000000f3b00000)
  from space 6144K, 99% used [0x00000000f3b00000,0x00000000f40ff3f8,0x00000000f4100000)
  to   space 6144K, 0% used [0x00000000f4100000,0x00000000f4100000,0x00000000f4700000)
 ParOldGen       total 699392K, used 284892K [0x00000000c0000000, 0x00000000eab00000, 0x00000000eab00000)
  object space 699392K, 40% used [0x00000000c0000000,0x00000000d16372f0,0x00000000eab00000)
 Metaspace       used 6853K, capacity 7384K, committed 7680K, reserved 1056768K
  class space    used 649K, capacity 656K, committed 768K, reserved 1048576K
}
Event: 150.329 GC heap before
{Heap before GC invocations=624 (full 614):
 PSYoungGen      total 153600K, used 153596K [0x00000000eab00000, 0x00000000f4700000, 0x0000000100000000)
  eden space 147456K, 100% used [0x00000000eab00000,0x00000000f3b00000,0x00000000f3b00000)
  from space 6144K, 99% used [0x00000000f3b00000,0x00000000f40ff3f8,0x00000000f4100000)
  to   space 6144K, 0% used [0x00000000f4100000,0x00000000f4100000,0x00000000f4700000)
 ParOldGen       total 699392K, used 284892K [0x00000000c0000000, 0x00000000eab00000, 0x00000000eab00000)
  object space 699392K, 40% used [0x00000000c0000000,0x00000000d16372f0,0x00000000eab00000)
 Metaspace       used 6853K, capacity 7384K, committed 7680K, reserved 1056768K
  class space    used 649K, capacity 656K, committed 768K, reserved 1048576K
Event: 150.388 GC heap after
Heap after GC invocations=624 (full 614):
 PSYoungGen      total 153600K, used 6141K [0x00000000eab00000, 0x00000000f4700000, 0x0000000100000000)
  eden space 147456K, 0% used [0x00000000eab00000,0x00000000eab00000,0x00000000f3b00000)
  from space 6144K, 99% used [0x00000000f4100000,0x00000000f46ff668,0x00000000f4700000)
  to   space 6144K, 0% used [0x00000000f3b00000,0x00000000f3b00000,0x00000000f4100000)
 ParOldGen       total 699392K, used 310277K [0x00000000c0000000, 0x00000000eab00000, 0x00000000eab00000)
  object space 699392K, 44% used [0x00000000c0000000,0x00000000d2f014a8,0x00000000eab00000)
 Metaspace       used 6853K, capacity 7384K, committed 7680K, reserved 1056768K
  class space    used 649K, capacity 656K, committed 768K, reserved 1048576K
}
Event: 151.824 GC heap before
{Heap before GC invocations=625 (full 614):
 PSYoungGen      total 153600K, used 153597K [0x00000000eab00000, 0x00000000f4700000, 0x0000000100000000)
  eden space 147456K, 100% used [0x00000000eab00000,0x00000000f3b00000,0x00000000f3b00000)
  from space 6144K, 99% used [0x00000000f4100000,0x00000000f46ff668,0x00000000f4700000)
  to   space 6144K, 0% used [0x00000000f3b00000,0x00000000f3b00000,0x00000000f4100000)
 ParOldGen       total 699392K, used 310277K [0x00000000c0000000, 0x00000000eab00000, 0x00000000eab00000)
  object space 699392K, 44% used [0x00000000c0000000,0x00000000d2f014a8,0x00000000eab00000)
 Metaspace       used 7219K, capacity 7704K, committed 7936K, reserved 1056768K
  class space    used 667K, capacity 720K, committed 768K, reserved 1048576K
Event: 151.873 GC heap after
Heap after GC invocations=625 (full 614):
 PSYoungGen      total 153600K, used 6134K [0x00000000eab00000, 0x00000000fe480000, 0x0000000100000000)
  eden space 147456K, 0% used [0x00000000eab00000,0x00000000eab00000,0x00000000f3b00000)
  from space 6144K, 99% used [0x00000000f3b00000,0x00000000f40fdb58,0x00000000f4100000)
  to   space 82432K, 0% used [0x00000000f9400000,0x00000000f9400000,0x00000000fe480000)
 ParOldGen       total 699392K, used 349136K [0x00000000c0000000, 0x00000000eab00000, 0x00000000eab00000)
  object space 699392K, 49% used [0x00000000c0000000,0x00000000d54f40e8,0x00000000eab00000)
 Metaspace       used 7219K, capacity 7704K, committed 7936K, reserved 1056768K
  class space    used 667K, capacity 720K, committed 768K, reserved 1048576K
}

Deoptimization events (10 events):
Event: 151.387 Thread 0x0000000003292800 Uncommon trap: reason=array_check action=maybe_recompile pc=0x00000000035edd60 method=java.util.ComparableTimSort.binarySort([Ljava/lang/Object;III)V @ 193
Event: 151.406 Thread 0x0000000003292800 Uncommon trap: reason=array_check action=maybe_recompile pc=0x00000000035edd60 method=java.util.ComparableTimSort.binarySort([Ljava/lang/Object;III)V @ 193
Event: 151.422 Thread 0x0000000003292800 Uncommon trap: reason=unstable_if action=reinterpret pc=0x00000000037348b4 method=com.android.dx.rop.code.RegisterSpec.matchesVariable(Lcom/android/dx/rop/code/RegisterSpec;)Z @ 59
Event: 151.434 Thread 0x0000000003292800 Uncommon trap: reason=array_check action=maybe_recompile pc=0x0000000003660ba0 method=java.util.ComparableTimSort.binarySort([Ljava/lang/Object;III)V @ 183
Event: 151.442 Thread 0x0000000003292800 Uncommon trap: reason=unstable_if action=reinterpret pc=0x00000000035e8c90 method=com.android.dx.dex.code.OutputFinisher.align64bits([Lcom/android/dx/dex/code/Dop;)V @ 205
Event: 151.488 Thread 0x0000000003292800 Uncommon trap: reason=array_check action=maybe_recompile pc=0x0000000003660ba0 method=java.util.ComparableTimSort.binarySort([Ljava/lang/Object;III)V @ 183
Event: 151.503 Thread 0x0000000003292800 Uncommon trap: reason=unstable_if action=reinterpret pc=0x0000000003976744 method=com.android.dx.dex.code.LocalList$MakeState.filterSpec(Lcom/android/dx/rop/code/RegisterSpec;)Lcom/android/dx/rop/code/RegisterSpec; @ 11
Event: 151.565 Thread 0x0000000003292800 Uncommon trap: reason=unstable_if action=reinterpret pc=0x0000000003def784 method=com.android.dx.dex.code.LocalList$MakeState.filterSpec(Lcom/android/dx/rop/code/RegisterSpec;)Lcom/android/dx/rop/code/RegisterSpec; @ 11
Event: 151.577 Thread 0x0000000003292800 Uncommon trap: reason=unstable_if action=reinterpret pc=0x00000000035f7238 method=com.android.dx.dex.code.LocalList$MakeState.aboutToProcess(II)V @ 54
Event: 151.722 Thread 0x0000000003292800 Uncommon trap: reason=null_check action=make_not_entrant pc=0x0000000003e0f0a0 method=com.android.dx.dex.code.LocalList$MakeState.checkForEmptyRange(ILcom/android/dx/rop/code/RegisterSpec;)Z @ 119

Classes redefined (0 events):
No events

Internal exceptions (10 events):
Event: 0.027 Thread 0x0000000003292800 Exception <a 'java/lang/NoSuchMethodError': Method sun.misc.Unsafe.prefetchRead(Ljava/lang/Object;J)V name or signature does not match> (0x00000000eab07f88) thrown at [C:\re\workspace\8-2-build-windows-amd64-cygwin\jdk8u161\10277\hotspot\src\share\vm\prim
Event: 0.570 Thread 0x0000000003292800 Implicit null exception at 0x00000000036c7417 to 0x00000000036ca099
Event: 0.719 Thread 0x000000001768f800 Exception <a 'java/lang/ArrayIndexOutOfBoundsException': 18> (0x00000000ec9a79c0) thrown at [C:\re\workspace\8-2-build-windows-amd64-cygwin\jdk8u161\10277\hotspot\src\share\vm\interpreter\interpreterRuntime.cpp, line 366]
Event: 0.719 Thread 0x000000001768f800 Exception <a 'java/lang/ArrayIndexOutOfBoundsException': 145> (0x00000000ec9a9540) thrown at [C:\re\workspace\8-2-build-windows-amd64-cygwin\jdk8u161\10277\hotspot\src\share\vm\interpreter\interpreterRuntime.cpp, line 366]
Event: 0.720 Thread 0x000000001768f800 Exception <a 'java/lang/ArrayIndexOutOfBoundsException'> (0x00000000ec9aa828) thrown at [C:\re\workspace\8-2-build-windows-amd64-cygwin\jdk8u161\10277\hotspot\src\share\vm\runtime\sharedRuntime.cpp, line 605]
Event: 1.805 Thread 0x000000001768f800 Implicit null exception at 0x0000000003b4032c to 0x0000000003b41a99
Event: 5.574 Thread 0x000000001768f800 Implicit null exception at 0x0000000003d0b8fd to 0x0000000003d0e1b5
Event: 5.574 Thread 0x000000001768f800 Implicit null exception at 0x0000000003c5ffad to 0x0000000003c60ed1
Event: 6.888 Thread 0x000000001768f800 Implicit null exception at 0x0000000003d9ede0 to 0x0000000003da3d2d
Event: 151.722 Thread 0x0000000003292800 Implicit null exception at 0x0000000003e0d177 to 0x0000000003e0f07d

Events (10 events):
Event: 151.823 Executing VM operation: ParallelGCFailedAllocation
Event: 151.873 Executing VM operation: ParallelGCFailedAllocation done
Event: 151.955 Thread 0x0000000003292800 DEOPT PACKING pc=0x0000000003e2171b sp=0x000000000328f170
Event: 151.955 Thread 0x0000000003292800 DEOPT UNPACKING pc=0x00000000033d7890 sp=0x000000000328ef68 mode 0
Event: 151.991 loading class com/android/dx/dex/file/DebugInfoEncoder
Event: 151.991 loading class com/android/dx/dex/file/DebugInfoEncoder done
Event: 151.992 loading class com/android/dx/dex/file/DebugInfoEncoder$1
Event: 151.992 loading class com/android/dx/dex/file/DebugInfoEncoder$1 done
Event: 151.993 loading class com/android/dx/dex/file/DebugInfoEncoder$2
Event: 151.993 loading class com/android/dx/dex/file/DebugInfoEncoder$2 done


Dynamic libraries:
0x00007ff7b0b50000 - 0x00007ff7b0b87000 	C:\Program Files\Java\jdk1.8.0_161\bin\java.exe
0x00007ffa9e590000 - 0x00007ffa9e771000 	C:\WINDOWS\SYSTEM32\ntdll.dll
0x00007ffa9e310000 - 0x00007ffa9e3c2000 	C:\WINDOWS\System32\KERNEL32.DLL
0x00007ffa9ae80000 - 0x00007ffa9b0f3000 	C:\WINDOWS\System32\KERNELBASE.dll
0x00007ffa9dad0000 - 0x00007ffa9db71000 	C:\WINDOWS\System32\ADVAPI32.dll
0x00007ffa9e4c0000 - 0x00007ffa9e55e000 	C:\WINDOWS\System32\msvcrt.dll
0x00007ffa9dce0000 - 0x00007ffa9dd3b000 	C:\WINDOWS\System32\sechost.dll
0x00007ffa9d990000 - 0x00007ffa9dab4000 	C:\WINDOWS\System32\RPCRT4.dll
0x00007ffa9ba20000 - 0x00007ffa9bbb0000 	C:\WINDOWS\System32\USER32.dll
0x00007ffa9ba00000 - 0x00007ffa9ba20000 	C:\WINDOWS\System32\win32u.dll
0x00007ffa9e120000 - 0x00007ffa9e148000 	C:\WINDOWS\System32\GDI32.dll
0x00007ffa9a960000 - 0x00007ffa9aaf2000 	C:\WINDOWS\System32\gdi32full.dll
0x00007ffa9ab50000 - 0x00007ffa9abef000 	C:\WINDOWS\System32\msvcp_win.dll
0x00007ffa9aca0000 - 0x00007ffa9ad9a000 	C:\WINDOWS\System32\ucrtbase.dll
0x00007ffa8b170000 - 0x00007ffa8b3d9000 	C:\WINDOWS\WinSxS\amd64_microsoft.windows.common-controls_6595b64144ccf1df_6.0.17134.345_none_fb429a5930656358\COMCTL32.dll
0x00007ffa9ddf0000 - 0x00007ffa9e113000 	C:\WINDOWS\System32\combase.dll
0x00007ffa9ae00000 - 0x00007ffa9ae7a000 	C:\WINDOWS\System32\bcryptPrimitives.dll
0x00007ffa9bdd0000 - 0x00007ffa9bdfd000 	C:\WINDOWS\System32\IMM32.DLL
0x0000000059030000 - 0x0000000059102000 	C:\Program Files\Java\jdk1.8.0_161\jre\bin\msvcr100.dll
0x0000000058790000 - 0x000000005902f000 	C:\Program Files\Java\jdk1.8.0_161\jre\bin\server\jvm.dll
0x00007ffa9bef0000 - 0x00007ffa9bef8000 	C:\WINDOWS\System32\PSAPI.DLL
0x00007ffa97560000 - 0x00007ffa97569000 	C:\WINDOWS\SYSTEM32\WSOCK32.dll
0x00007ffa95c00000 - 0x00007ffa95c0a000 	C:\WINDOWS\SYSTEM32\VERSION.dll
0x00007ffa9e240000 - 0x00007ffa9e2ac000 	C:\WINDOWS\System32\WS2_32.dll
0x00007ffa984d0000 - 0x00007ffa984f3000 	C:\WINDOWS\SYSTEM32\WINMM.dll
0x00007ffa97e80000 - 0x00007ffa97eaa000 	C:\WINDOWS\SYSTEM32\WINMMBASE.dll
0x00007ffa9ab00000 - 0x00007ffa9ab49000 	C:\WINDOWS\System32\cfgmgr32.dll
0x0000000058780000 - 0x000000005878f000 	C:\Program Files\Java\jdk1.8.0_161\jre\bin\verify.dll
0x0000000058750000 - 0x0000000058779000 	C:\Program Files\Java\jdk1.8.0_161\jre\bin\java.dll
0x0000000058730000 - 0x0000000058746000 	C:\Program Files\Java\jdk1.8.0_161\jre\bin\zip.dll
0x00007ffa9c0a0000 - 0x00007ffa9d4df000 	C:\WINDOWS\System32\SHELL32.dll
0x00007ffa9dd40000 - 0x00007ffa9dde9000 	C:\WINDOWS\System32\shcore.dll
0x00007ffa9b100000 - 0x00007ffa9b80d000 	C:\WINDOWS\System32\windows.storage.dll
0x00007ffa9e2b0000 - 0x00007ffa9e301000 	C:\WINDOWS\System32\shlwapi.dll
0x00007ffa9a8a0000 - 0x00007ffa9a8b1000 	C:\WINDOWS\System32\kernel.appcore.dll
0x00007ffa9a940000 - 0x00007ffa9a95f000 	C:\WINDOWS\System32\profapi.dll
0x00007ffa9a8e0000 - 0x00007ffa9a92c000 	C:\WINDOWS\System32\powrprof.dll
0x00007ffa9a930000 - 0x00007ffa9a93a000 	C:\WINDOWS\System32\FLTLIB.DLL

VM Arguments:
jvm_args: -Xmx1G 
java_command: D:\alien\appdata\local\Android\Sdk\build-tools\27.0.3\\lib\dx.jar --dex --no-strict --output obj\Debug\MonoAndroid81\android\bin D:\Proyectos c#\App1 v3\App1\obj\Debug\MonoAndroid81\android\bin\classes.zip D:\Visual Studio\Common7\IDE\ReferenceAssemblies\Microsoft\Framework\MonoAndroid\v8.1\mono.android.jar obj\\Debug\MonoAndroid81\lp\15\jl\okhttp-2.3.0-jar-with-dependencies.jar obj\\Debug\MonoAndroid81\lp\25\jl\bin\classes.jar obj\\Debug\MonoAndroid81\lp\27\jl\bin\classes.jar obj\\Debug\MonoAndroid81\lp\28\jl\bin\classes.jar obj\\Debug\MonoAndroid81\lp\29\jl\bin\classes.jar obj\\Debug\MonoAndroid81\lp\30\jl\bin\classes.jar obj\\Debug\MonoAndroid81\lp\31\jl\bin\classes.jar obj\\Debug\MonoAndroid81\lp\32\jl\bin\classes.jar obj\\Debug\MonoAndroid81\lp\33\jl\bin\classes.jar obj\\Debug\MonoAndroid81\lp\35\jl\bin\classes.jar obj\\Debug\MonoAndroid81\lp\36\jl\bin\classes.jar obj\\Debug\MonoAndroid81\lp\37\jl\bin\classes.jar obj\\Debug\MonoAndroid81\lp\39\jl\bin\classes.jar obj\\Debug\MonoAndroid81\lp\40\jl\bin\classes.jar obj\\Debug\MonoAndroid81\lp\5\jl\glide-full-4.7.0.jar C:\Users\alien\AppData\Local\Xamarin\Xamarin.Android.Support.v13\23.1.1.0\embedded\libs\internal_impl-23.1.1.jar C:\Users\alien\AppData\Local\Xamarin\Xamarin.Android.Support.v13\23.1.1.0\embedded\classes.jar C:\Users\alien\AppData\Local\Xamarin\Xamarin.Android.Support.v7.Palette\23.1.1.0\embedded\classes.jar
java_class_path (initial): D:\alien\appdata\local\Android\Sdk\build-tools\27.0.3\\lib\dx.jar
Launcher Type: SUN_STANDARD

Environment Variables:
JAVA_HOME=C:\Program Files\Java\jdk1.8.0_161
PATH=C:\ProgramData\Oracle\Java\javapath;C:\Windows\system32;C:\Windows;C:\Windows\System32\Wbem;C:\Windows\System32\WindowsPowerShell\v1.0\;C:\Program Files\Java\jdk1.8.0_161\bin;;C:\Program Files (x86)\NVIDIA Corporation\PhysX\Common;C:\WINDOWS\system32;C:\WINDOWS;C:\WINDOWS\System32\Wbem;C:\WINDOWS\System32\WindowsPowerShell\v1.0\;C:\WINDOWS\System32\OpenSSH\;C:\Program Files\nodejs\;C:\Program Files (x86)\Windows Kits\8.1\Windows Performance Toolkit\;C:\Program Files\dotnet\;C:\oraclexe\app\oracle\product\11.2.0\server\bin;C:\ProgramData\Oracle\Java\javapath;C:\Windows\system32;C:\Windows;C:\Windows\System32\Wbem;C:\Windows\System32\WindowsPowerShell\v1.0\;C:\Program Files\Java\jdk1.8.0_161\bin;C:\Program Files (x86)\NVIDIA Corporation\PhysX\Common;C:\WINDOWS\system32;C:\WINDOWS;C:\WINDOWS\System32\Wbem;C:\WINDOWS\System32\WindowsPowerShell\v1.0\;C:\WINDOWS\System32\OpenSSH\;C:\Program Files\nodejs\;C:\Users\alien\AppData\Local\Microsoft\WindowsApps;C:\Users\alien\AppData\Local\GitHubDesktop\bin;C:\Program Files\Microsoft VS Code\bin;C:\Users\alien\AppData\Roaming\npm
USERNAME=alien
OS=Windows_NT
PROCESSOR_IDENTIFIER=Intel64 Family 6 Model 58 Stepping 9, GenuineIntel



---------------  S Y S T E M  ---------------

OS: Windows 10.0 , 64 bit Build 17134 (10.0.17134.1)

CPU:total 4 (initial active 4) (4 cores per cpu, 1 threads per core) family 6 model 58 stepping 9, cmov, cx8, fxsr, mmx, sse, sse2, sse3, ssse3, sse4.1, sse4.2, popcnt, avx, aes, clmul, erms, tsc, tscinvbit, tscinv

Memory: 4k page, physical 9390496k(2021580k free), swap 11487648k(1520k free)

vm_info: Java HotSpot(TM) 64-Bit Server VM (25.161-b12) for windows-amd64 JRE (1.8.0_161-b12), built on Dec 19 2017 17:52:25 by "java_re" with MS VC++ 10.0 (VS2010)

time: Wed Nov 07 03:58:24 2018
elapsed time: 152 seconds (0d 0h 2m 32s)

