#
# There is insufficient memory for the Java Runtime Environment to continue.
# Native memory allocation (malloc) failed to allocate 1048576 bytes for AllocateHeap
# Possible reasons:
#   The system is out of physical RAM or swap space
#   In 32 bit mode, the process size limit was hit
# Possible solutions:
#   Reduce memory load on the system
#   Increase physical memory or swap space
#   Check if swap backing store is full
#   Use 64 bit Java on a 64 bit OS
#   Decrease Java heap size (-Xmx/-Xms)
#   Decrease number of Java threads
#   Decrease Java thread stack sizes (-Xss)
#   Set larger code cache with -XX:ReservedCodeCacheSize=
# This output file may be truncated or incomplete.
#
#  Out of Memory Error (memory/allocation.inline.hpp:61), pid=11252, tid=0x000000000000063c
#
# JRE version:  (8.0_161-b12) (build )
# Java VM: Java HotSpot(TM) 64-Bit Server VM (25.161-b12 mixed mode windows-amd64 compressed oops)
# Failed to write core dump. Minidumps are not enabled by default on client versions of Windows
#

---------------  T H R E A D  ---------------

Current thread (0x0000000002e22800):  JavaThread "Unknown thread" [_thread_in_vm, id=1596, stack(0x0000000002c20000,0x0000000002d20000)]

Stack: [0x0000000002c20000,0x0000000002d20000]
[error occurred during error reporting (printing stack bounds), id 0xc0000005]

Native frames: (J=compiled Java code, j=interpreted, Vv=VM code, C=native code)


---------------  P R O C E S S  ---------------

Java Threads: ( => current thread )

Other Threads:

=>0x0000000002e22800 (exited) JavaThread "Unknown thread" [_thread_in_vm, id=1596, stack(0x0000000002c20000,0x0000000002d20000)]

VM state:not at safepoint (normal execution)

VM Mutex/Monitor currently owned by a thread: None

Heap:
 PSYoungGen      total 43008K, used 737K [0x0000000790380000, 0x0000000793380000, 0x00000007c0000000)
  eden space 36864K, 2% used [0x0000000790380000,0x0000000790438528,0x0000000792780000)
  from space 6144K, 0% used [0x0000000792d80000,0x0000000792d80000,0x0000000793380000)
  to   space 6144K, 0% used [0x0000000792780000,0x0000000792780000,0x0000000792d80000)
 ParOldGen       total 98304K, used 0K [0x0000000730a00000, 0x0000000736a00000, 0x0000000790380000)
  object space 98304K, 0% used [0x0000000730a00000,0x0000000730a00000,0x0000000736a00000)
 Metaspace       used 770K, capacity 4480K, committed 4480K, reserved 1056768K
  class space    used 75K, capacity 384K, committed 384K, reserved 1048576K

Card table byte_map: [0x00000000122e0000,0x0000000012760000] byte_map_base: 0x000000000e95b000

Marking Bits: (ParMarkBitMap*) 0x000000007236f860
 Begin Bits: [0x0000000012e60000, 0x0000000015238000)
 End Bits:   [0x0000000015238000, 0x0000000017610000)

Polling page: 0x0000000000e90000

CodeCache: size=245760Kb used=328Kb max_used=328Kb free=245431Kb
 bounds [0x0000000002f20000, 0x0000000003190000, 0x0000000011f20000]
 total_blobs=58 nmethods=0 adapters=38
 compilation: enabled

Compilation events (0 events):
No events

GC Heap History (0 events):
No events

Deoptimization events (0 events):
No events

Classes redefined (0 events):
No events

Internal exceptions (0 events):
No events

Events (10 events):
Event: 0.023 loading class java/lang/Short
Event: 0.023 loading class java/lang/Short done
Event: 0.023 loading class java/lang/Integer
Event: 0.023 loading class java/lang/Integer done
Event: 0.023 loading class java/lang/Long
Event: 0.024 loading class java/lang/Long done
Event: 0.024 loading class java/lang/NullPointerException
Event: 0.024 loading class java/lang/NullPointerException done
Event: 0.024 loading class java/lang/ArithmeticException
Event: 0.024 loading class java/lang/ArithmeticException done


Dynamic libraries:
0x00007ff7c1020000 - 0x00007ff7c1057000 	C:\Program Files\Java\jdk1.8.0_161\bin\java.exe
0x00007fff894d0000 - 0x00007fff896b1000 	C:\WINDOWS\SYSTEM32\ntdll.dll
0x00007fff89250000 - 0x00007fff89302000 	C:\WINDOWS\System32\KERNEL32.DLL
0x00007fff866e0000 - 0x00007fff86953000 	C:\WINDOWS\System32\KERNELBASE.dll
0x00007fff88e80000 - 0x00007fff88f21000 	C:\WINDOWS\System32\ADVAPI32.dll
0x00007fff89310000 - 0x00007fff893ae000 	C:\WINDOWS\System32\msvcrt.dll
0x00007fff893c0000 - 0x00007fff8941b000 	C:\WINDOWS\System32\sechost.dll
0x00007fff88330000 - 0x00007fff88454000 	C:\WINDOWS\System32\RPCRT4.dll
0x00007fff888b0000 - 0x00007fff88a40000 	C:\WINDOWS\System32\USER32.dll
0x00007fff863d0000 - 0x00007fff863f0000 	C:\WINDOWS\System32\win32u.dll
0x00007fff86b90000 - 0x00007fff86bb8000 	C:\WINDOWS\System32\GDI32.dll
0x00007fff863f0000 - 0x00007fff86582000 	C:\WINDOWS\System32\gdi32full.dll
0x00007fff865e0000 - 0x00007fff8667f000 	C:\WINDOWS\System32\msvcp_win.dll
0x00007fff862d0000 - 0x00007fff863ca000 	C:\WINDOWS\System32\ucrtbase.dll
0x00007fff78320000 - 0x00007fff78589000 	C:\WINDOWS\WinSxS\amd64_microsoft.windows.common-controls_6595b64144ccf1df_6.0.17134.345_none_fb429a5930656358\COMCTL32.dll
0x00007fff88b50000 - 0x00007fff88e73000 	C:\WINDOWS\System32\combase.dll
0x00007fff858a0000 - 0x00007fff8591a000 	C:\WINDOWS\System32\bcryptPrimitives.dll
0x00007fff88ac0000 - 0x00007fff88aed000 	C:\WINDOWS\System32\IMM32.DLL
0x00000000723f0000 - 0x00000000724c2000 	C:\Program Files\Java\jdk1.8.0_161\jre\bin\msvcr100.dll
0x0000000071b50000 - 0x00000000723ef000 	C:\Program Files\Java\jdk1.8.0_161\jre\bin\server\jvm.dll
0x00007fff89040000 - 0x00007fff89048000 	C:\WINDOWS\System32\PSAPI.DLL
0x00007fff82bb0000 - 0x00007fff82bb9000 	C:\WINDOWS\SYSTEM32\WSOCK32.dll
0x00007fff81d50000 - 0x00007fff81d5a000 	C:\WINDOWS\SYSTEM32\VERSION.dll
0x00007fff79680000 - 0x00007fff796a3000 	C:\WINDOWS\SYSTEM32\WINMM.dll
0x00007fff89430000 - 0x00007fff8949c000 	C:\WINDOWS\System32\WS2_32.dll
0x00007fff782f0000 - 0x00007fff7831a000 	C:\WINDOWS\SYSTEM32\WINMMBASE.dll
0x00007fff86590000 - 0x00007fff865d9000 	C:\WINDOWS\System32\cfgmgr32.dll
0x0000000071b40000 - 0x0000000071b4f000 	C:\Program Files\Java\jdk1.8.0_161\jre\bin\verify.dll
0x0000000071b10000 - 0x0000000071b39000 	C:\Program Files\Java\jdk1.8.0_161\jre\bin\java.dll
0x0000000071af0000 - 0x0000000071b06000 	C:\Program Files\Java\jdk1.8.0_161\jre\bin\zip.dll

VM Arguments:
java_command: <unknown>
java_class_path (initial): .
Launcher Type: SUN_STANDARD

Environment Variables:
JAVA_HOME=C:\Program Files\Java\jdk1.8.0_161
PATH=C:\ProgramData\Oracle\Java\javapath;C:\Windows\system32;C:\Windows;C:\Windows\System32\Wbem;C:\Windows\System32\WindowsPowerShell\v1.0\;C:\Program Files\Java\jdk1.8.0_161\bin;;C:\Program Files (x86)\NVIDIA Corporation\PhysX\Common;C:\WINDOWS\system32;C:\WINDOWS;C:\WINDOWS\System32\Wbem;C:\WINDOWS\System32\WindowsPowerShell\v1.0\;C:\WINDOWS\System32\OpenSSH\;C:\Program Files\nodejs\;C:\Program Files (x86)\Windows Kits\8.1\Windows Performance Toolkit\;C:\Program Files\dotnet\;C:\oraclexe\app\oracle\product\11.2.0\server\bin;C:\ProgramData\Oracle\Java\javapath;C:\Windows\system32;C:\Windows;C:\Windows\System32\Wbem;C:\Windows\System32\WindowsPowerShell\v1.0\;C:\Program Files\Java\jdk1.8.0_161\bin;C:\Program Files (x86)\NVIDIA Corporation\PhysX\Common;C:\WINDOWS\system32;C:\WINDOWS;C:\WINDOWS\System32\Wbem;C:\WINDOWS\System32\WindowsPowerShell\v1.0\;C:\WINDOWS\System32\OpenSSH\;C:\Program Files\nodejs\;C:\Users\alien\AppData\Local\Microsoft\WindowsApps;C:\Users\alien\AppData\Local\GitHubDesktop\bin;C:\Program Files\Microsoft VS Code\bin;C:\Users\alien\AppData\Roaming\npm
USERNAME=alien
OS=Windows_NT
PROCESSOR_IDENTIFIER=Intel64 Family 6 Model 58 Stepping 9, GenuineIntel



---------------  S Y S T E M  ---------------

OS: Windows 10.0 , 64 bit Build 17134 (10.0.17134.1)

CPU:total 4 (initial active 4) (4 cores per cpu, 1 threads per core) family 6 model 58 stepping 9, cmov, cx8, fxsr, mmx, sse, sse2, sse3, ssse3, sse4.1, sse4.2, popcnt, avx, aes, clmul, erms, tsc, tscinvbit, tscinv

Memory: 4k page, physical 9390496k(2617228k free), swap 11487648k(5628k free)

vm_info: Java HotSpot(TM) 64-Bit Server VM (25.161-b12) for windows-amd64 JRE (1.8.0_161-b12), built on Dec 19 2017 17:52:25 by "java_re" with MS VC++ 10.0 (VS2010)

time: Sat Oct 27 02:32:45 2018
elapsed time: 0 seconds (0d 0h 0m 0s)

