#
# There is insufficient memory for the Java Runtime Environment to continue.
# Native memory allocation (malloc) failed to allocate 32744 bytes for ChunkPool::allocate
# Possible reasons:
#   The system is out of physical RAM or swap space
#   In 32 bit mode, the process size limit was hit
# Possible solutions:
#   Reduce memory load on the system
#   Increase physical memory or swap space
#   Check if swap backing store is full
#   Use 64 bit Java on a 64 bit OS
#   Decrease Java heap size (-Xmx/-Xms)
#   Decrease number of Java threads
#   Decrease Java thread stack sizes (-Xss)
#   Set larger code cache with -XX:ReservedCodeCacheSize=
# This output file may be truncated or incomplete.
#
#  Out of Memory Error (allocation.cpp:273), pid=8008, tid=0x0000000000004c14
#
# JRE version: Java(TM) SE Runtime Environment (8.0_161-b12) (build 1.8.0_161-b12)
# Java VM: Java HotSpot(TM) 64-Bit Server VM (25.161-b12 mixed mode windows-amd64 compressed oops)
# Failed to write core dump. Minidumps are not enabled by default on client versions of Windows
#

---------------  T H R E A D  ---------------

Current thread (0x0000000014db1800):  JavaThread "C2 CompilerThread0" daemon [_thread_in_native, id=19476, stack(0x0000000016430000,0x0000000016530000)]

Stack: [0x0000000016430000,0x0000000016530000]
[error occurred during error reporting (printing stack bounds), id 0xc0000005]

Native frames: (J=compiled Java code, j=interpreted, Vv=VM code, C=native code)


Current CompileTask:
C2:   7936 2249   !   4       com.android.dx.cf.code.Ropper::processBlock (1101 bytes)


---------------  P R O C E S S  ---------------

Java Threads: ( => current thread )
  0x00000000168ca800 JavaThread "pool-2-thread-1" [_thread_blocked, id=39228, stack(0x0000000016e30000,0x0000000016f30000)]
  0x00000000168c9800 JavaThread "pool-1-thread-1" [_thread_blocked, id=7504, stack(0x0000000016d30000,0x0000000016e30000)]
  0x000000001666a800 JavaThread "Service Thread" daemon [_thread_blocked, id=9028, stack(0x0000000016b30000,0x0000000016c30000)]
  0x0000000016636800 JavaThread "C1 CompilerThread2" daemon [_thread_blocked, id=7664, stack(0x0000000016a30000,0x0000000016b30000)]
  0x0000000014df3000 JavaThread "C2 CompilerThread1" daemon [_thread_blocked, id=21584, stack(0x0000000016530000,0x0000000016630000)]
=>0x0000000014db1800 JavaThread "C2 CompilerThread0" daemon [_thread_in_native, id=19476, stack(0x0000000016430000,0x0000000016530000)]
  0x0000000014db0800 
[error occurred during error reporting (printing all threads), id 0xc0000005]

VM state:at safepoint (normal execution)

VM Mutex/Monitor currently owned by a thread:  ([mutex/lock_event])
[0x00000000025de1f0] Threads_lock - owner thread: 0x0000000014d77000
[0x00000000025de470] Heap_lock - owner thread: 0x00000000025e2800

Heap:
 PSYoungGen      total 153600K, used 147456K [0x00000000eab00000, 0x00000000f4700000, 0x0000000100000000)
  eden space 147456K, 100% used [0x00000000eab00000,0x00000000f3b00000,0x00000000f3b00000)
  from space 6144K, 0% used [0x00000000f3b00000,0x00000000f3b00000,0x00000000f4100000)
  to   space 6144K, 0% used [0x00000000f4100000,0x00000000f4100000,0x00000000f4700000)
 ParOldGen       total 175104K, used 168419K [0x00000000c0000000, 0x00000000cab00000, 0x00000000eab00000)
  object space 175104K, 96% used [0x00000000c0000000,0x00000000ca478ca0,0x00000000cab00000)
 Metaspace       used 6857K, capacity 7384K, committed 7680K, reserved 1056768K
  class space    used 651K, capacity 656K, committed 768K, reserved 1048576K

Card table byte_map: [0x0000000011aa0000,0x0000000011cb0000] byte_map_base: 0x00000000114a0000

Marking Bits: (ParMarkBitMap*) 0x0000000058fef860
 Begin Bits: [0x0000000012210000, 0x0000000013210000)
 End Bits:   [0x0000000013210000, 0x0000000014210000)

Polling page: 0x0000000000a60000

CodeCache: size=245760Kb used=11505Kb max_used=11521Kb free=234254Kb
 bounds [0x00000000026e0000, 0x0000000003230000, 0x00000000116e0000]
 total_blobs=2742 nmethods=2466 adapters=188
 compilation: enabled

Compilation events (10 events):
Event: 7.633 Thread 0x0000000016636800 2555  s    1       java.io.ByteArrayOutputStream::reset (6 bytes)
Event: 7.633 Thread 0x0000000016636800 nmethod 2555 0x00000000031f34d0 code [0x00000000031f3620, 0x00000000031f3890]
Event: 7.638 Thread 0x0000000016636800 2556       1       com.android.dx.cf.attrib.AttDeprecated::byteLength (3 bytes)
Event: 7.639 Thread 0x0000000016636800 nmethod 2556 0x00000000031f6150 code [0x00000000031f62a0, 0x00000000031f63b0]
Event: 7.647 Thread 0x0000000016636800 2558       2       java.util.concurrent.ThreadLocalRandom::getProbe (13 bytes)
Event: 7.647 Thread 0x0000000016636800 nmethod 2558 0x0000000003201310 code [0x0000000003201460, 0x00000000032015b0]
Event: 7.661 Thread 0x0000000014df3000 nmethod 2549 0x0000000003229a90 code [0x0000000003229d20, 0x000000000322bb50]
Event: 7.661 Thread 0x0000000014df3000 2442       4       com.android.dx.ssa.back.FirstFitLocalCombiningAllocator::tryMapRegs (110 bytes)
Event: 7.681 Thread 0x0000000016636800 2561       3       com.android.dx.cf.code.OneLocalsArray::makeInitialized (55 bytes)
Event: 7.681 Thread 0x0000000016636800 nmethod 2561 0x000000000320aa50 code [0x000000000320ac00, 0x000000000320b2b8]

GC Heap History (10 events):
Event: 4.781 GC heap after
Heap after GC invocations=8 (full 1):
 PSYoungGen      total 153600K, used 6131K [0x00000000eab00000, 0x00000000f4700000, 0x0000000100000000)
  eden space 147456K, 0% used [0x00000000eab00000,0x00000000eab00000,0x00000000f3b00000)
  from space 6144K, 99% used [0x00000000f3b00000,0x00000000f40fcc60,0x00000000f4100000)
  to   space 6144K, 0% used [0x00000000f4100000,0x00000000f4100000,0x00000000f4700000)
 ParOldGen       total 175104K, used 101204K [0x00000000c0000000, 0x00000000cab00000, 0x00000000eab00000)
  object space 175104K, 57% used [0x00000000c0000000,0x00000000c62d5290,0x00000000cab00000)
 Metaspace       used 6797K, capacity 7320K, committed 7680K, reserved 1056768K
  class space    used 648K, capacity 656K, committed 768K, reserved 1048576K
}
Event: 5.055 GC heap before
{Heap before GC invocations=9 (full 1):
 PSYoungGen      total 153600K, used 153587K [0x00000000eab00000, 0x00000000f4700000, 0x0000000100000000)
  eden space 147456K, 100% used [0x00000000eab00000,0x00000000f3b00000,0x00000000f3b00000)
  from space 6144K, 99% used [0x00000000f3b00000,0x00000000f40fcc60,0x00000000f4100000)
  to   space 6144K, 0% used [0x00000000f4100000,0x00000000f4100000,0x00000000f4700000)
 ParOldGen       total 175104K, used 101204K [0x00000000c0000000, 0x00000000cab00000, 0x00000000eab00000)
  object space 175104K, 57% used [0x00000000c0000000,0x00000000c62d5290,0x00000000cab00000)
 Metaspace       used 6811K, capacity 7320K, committed 7680K, reserved 1056768K
  class space    used 648K, capacity 656K, committed 768K, reserved 1048576K
Event: 5.093 GC heap after
Heap after GC invocations=9 (full 1):
 PSYoungGen      total 153600K, used 6112K [0x00000000eab00000, 0x00000000f4700000, 0x0000000100000000)
  eden space 147456K, 0% used [0x00000000eab00000,0x00000000eab00000,0x00000000f3b00000)
  from space 6144K, 99% used [0x00000000f4100000,0x00000000f46f82a8,0x00000000f4700000)
  to   space 6144K, 0% used [0x00000000f3b00000,0x00000000f3b00000,0x00000000f4100000)
 ParOldGen       total 175104K, used 124038K [0x00000000c0000000, 0x00000000cab00000, 0x00000000eab00000)
  object space 175104K, 70% used [0x00000000c0000000,0x00000000c7921b80,0x00000000cab00000)
 Metaspace       used 6811K, capacity 7320K, committed 7680K, reserved 1056768K
  class space    used 648K, capacity 656K, committed 768K, reserved 1048576K
}
Event: 5.388 GC heap before
{Heap before GC invocations=10 (full 1):
 PSYoungGen      total 153600K, used 153568K [0x00000000eab00000, 0x00000000f4700000, 0x0000000100000000)
  eden space 147456K, 100% used [0x00000000eab00000,0x00000000f3b00000,0x00000000f3b00000)
  from space 6144K, 99% used [0x00000000f4100000,0x00000000f46f82a8,0x00000000f4700000)
  to   space 6144K, 0% used [0x00000000f3b00000,0x00000000f3b00000,0x00000000f4100000)
 ParOldGen       total 175104K, used 124038K [0x00000000c0000000, 0x00000000cab00000, 0x00000000eab00000)
  object space 175104K, 70% used [0x00000000c0000000,0x00000000c7921b80,0x00000000cab00000)
 Metaspace       used 6822K, capacity 7384K, committed 7680K, reserved 1056768K
  class space    used 649K, capacity 656K, committed 768K, reserved 1048576K
Event: 5.427 GC heap after
Heap after GC invocations=10 (full 1):
 PSYoungGen      total 153600K, used 6120K [0x00000000eab00000, 0x00000000f4700000, 0x0000000100000000)
  eden space 147456K, 0% used [0x00000000eab00000,0x00000000eab00000,0x00000000f3b00000)
  from space 6144K, 99% used [0x00000000f3b00000,0x00000000f40fa080,0x00000000f4100000)
  to   space 6144K, 0% used [0x00000000f4100000,0x00000000f4100000,0x00000000f4700000)
 ParOldGen       total 175104K, used 146368K [0x00000000c0000000, 0x00000000cab00000, 0x00000000eab00000)
  object space 175104K, 83% used [0x00000000c0000000,0x00000000c8ef0008,0x00000000cab00000)
 Metaspace       used 6822K, capacity 7384K, committed 7680K, reserved 1056768K
  class space    used 649K, capacity 656K, committed 768K, reserved 1048576K
}
Event: 5.427 GC heap before
{Heap before GC invocations=11 (full 2):
 PSYoungGen      total 153600K, used 6120K [0x00000000eab00000, 0x00000000f4700000, 0x0000000100000000)
  eden space 147456K, 0% used [0x00000000eab00000,0x00000000eab00000,0x00000000f3b00000)
  from space 6144K, 99% used [0x00000000f3b00000,0x00000000f40fa080,0x00000000f4100000)
  to   space 6144K, 0% used [0x00000000f4100000,0x00000000f4100000,0x00000000f4700000)
 ParOldGen       total 175104K, used 146368K [0x00000000c0000000, 0x00000000cab00000, 0x00000000eab00000)
  object space 175104K, 83% used [0x00000000c0000000,0x00000000c8ef0008,0x00000000cab00000)
 Metaspace       used 6822K, capacity 7384K, committed 7680K, reserved 1056768K
  class space    used 649K, capacity 656K, committed 768K, reserved 1048576K
Event: 6.084 GC heap after
Heap after GC invocations=11 (full 2):
 PSYoungGen      total 153600K, used 0K [0x00000000eab00000, 0x00000000f4700000, 0x0000000100000000)
  eden space 147456K, 0% used [0x00000000eab00000,0x00000000eab00000,0x00000000f3b00000)
  from space 6144K, 0% used [0x00000000f3b00000,0x00000000f3b00000,0x00000000f4100000)
  to   space 6144K, 0% used [0x00000000f4100000,0x00000000f4100000,0x00000000f4700000)
 ParOldGen       total 175104K, used 145859K [0x00000000c0000000, 0x00000000cab00000, 0x00000000eab00000)
  object space 175104K, 83% used [0x00000000c0000000,0x00000000c8e70c58,0x00000000cab00000)
 Metaspace       used 6822K, capacity 7384K, committed 7680K, reserved 1056768K
  class space    used 649K, capacity 656K, committed 768K, reserved 1048576K
}
Event: 6.562 GC heap before
{Heap before GC invocations=12 (full 3):
 PSYoungGen      total 153600K, used 147456K [0x00000000eab00000, 0x00000000f4700000, 0x0000000100000000)
  eden space 147456K, 100% used [0x00000000eab00000,0x00000000f3b00000,0x00000000f3b00000)
  from space 6144K, 0% used [0x00000000f3b00000,0x00000000f3b00000,0x00000000f4100000)
  to   space 6144K, 0% used [0x00000000f4100000,0x00000000f4100000,0x00000000f4700000)
 ParOldGen       total 175104K, used 145859K [0x00000000c0000000, 0x00000000cab00000, 0x00000000eab00000)
  object space 175104K, 83% used [0x00000000c0000000,0x00000000c8e70c58,0x00000000cab00000)
 Metaspace       used 6828K, capacity 7384K, committed 7680K, reserved 1056768K
  class space    used 649K, capacity 656K, committed 768K, reserved 1048576K
Event: 7.414 GC heap after
Heap after GC invocations=12 (full 3):
 PSYoungGen      total 153600K, used 0K [0x00000000eab00000, 0x00000000f4700000, 0x0000000100000000)
  eden space 147456K, 0% used [0x00000000eab00000,0x00000000eab00000,0x00000000f3b00000)
  from space 6144K, 0% used [0x00000000f3b00000,0x00000000f3b00000,0x00000000f4100000)
  to   space 6144K, 0% used [0x00000000f4100000,0x00000000f4100000,0x00000000f4700000)
 ParOldGen       total 175104K, used 168419K [0x00000000c0000000, 0x00000000cab00000, 0x00000000eab00000)
  object space 175104K, 96% used [0x00000000c0000000,0x00000000ca478ca0,0x00000000cab00000)
 Metaspace       used 6828K, capacity 7384K, committed 7680K, reserved 1056768K
  class space    used 649K, capacity 656K, committed 768K, reserved 1048576K
}
Event: 7.699 GC heap before
{Heap before GC invocations=13 (full 4):
 PSYoungGen      total 153600K, used 147456K [0x00000000eab00000, 0x00000000f4700000, 0x0000000100000000)
  eden space 147456K, 100% used [0x00000000eab00000,0x00000000f3b00000,0x00000000f3b00000)
  from space 6144K, 0% used [0x00000000f3b00000,0x00000000f3b00000,0x00000000f4100000)
  to   space 6144K, 0% used [0x00000000f4100000,0x00000000f4100000,0x00000000f4700000)
 ParOldGen       total 175104K, used 168419K [0x00000000c0000000, 0x00000000cab00000, 0x00000000eab00000)
  object space 175104K, 96% used [0x00000000c0000000,0x00000000ca478ca0,0x00000000cab00000)
 Metaspace       used 6857K, capacity 7384K, committed 7680K, reserved 1056768K
  class space    used 651K, capacity 656K, committed 768K, reserved 1048576K

Deoptimization events (10 events):
Event: 4.605 Thread 0x00000000168c9800 Uncommon trap: reason=bimorphic action=maybe_recompile pc=0x000000000306c9a0 method=com.android.dx.cf.code.RopperMachine.run(Lcom/android/dx/cf/code/Frame;II)V @ 310
Event: 4.852 Thread 0x00000000168c9800 Uncommon trap: reason=class_check action=maybe_recompile pc=0x00000000030583e8 method=com.android.dx.ssa.ConstCollector.getConstsSortedByCountUse()Ljava/util/ArrayList; @ 282
Event: 5.109 Thread 0x00000000168c9800 Uncommon trap: reason=unstable_if action=reinterpret pc=0x000000000308fd7c method=com.android.dx.rop.code.LocalVariableExtractor.processBlock(I)V @ 208
Event: 5.203 Thread 0x00000000025e2800 Uncommon trap: reason=class_check action=maybe_recompile pc=0x00000000030583e8 method=com.android.dx.ssa.ConstCollector.getConstsSortedByCountUse()Ljava/util/ArrayList; @ 282
Event: 5.263 Thread 0x00000000168c9800 Uncommon trap: reason=unstable_if action=reinterpret pc=0x0000000002fe1894 method=com.android.dx.ssa.SCCP.simulateBranch(Lcom/android/dx/ssa/SsaInsn;)V @ 548
Event: 5.358 Thread 0x00000000025e2800 Uncommon trap: reason=unstable_if action=reinterpret pc=0x0000000002fb15d0 method=java.util.concurrent.ConcurrentHashMap.putVal(Ljava/lang/Object;Ljava/lang/Object;Z)Ljava/lang/Object; @ 113
Event: 6.309 Thread 0x00000000025e2800 Uncommon trap: reason=unstable_if action=reinterpret pc=0x000000000314a56c method=com.android.dx.rop.code.LocalItem.compareHandlesNulls(Lcom/android/dx/rop/cst/CstString;Lcom/android/dx/rop/cst/CstString;)I @ 14
Event: 6.309 Thread 0x00000000025e2800 Uncommon trap: reason=unstable_if action=reinterpret pc=0x0000000003127f30 method=com.android.dx.rop.code.LocalItem.compareHandlesNulls(Lcom/android/dx/rop/cst/CstString;Lcom/android/dx/rop/cst/CstString;)I @ 14
Event: 6.310 Thread 0x00000000025e2800 Uncommon trap: reason=unstable_if action=reinterpret pc=0x0000000002aaa310 method=com.android.dx.rop.code.LocalItem.compareHandlesNulls(Lcom/android/dx/rop/cst/CstString;Lcom/android/dx/rop/cst/CstString;)I @ 14
Event: 6.310 Thread 0x00000000025e2800 Uncommon trap: reason=unstable_if action=reinterpret pc=0x00000000031d0318 method=com.android.dx.rop.code.LocalItem.compareHandlesNulls(Lcom/android/dx/rop/cst/CstString;Lcom/android/dx/rop/cst/CstString;)I @ 14

Classes redefined (0 events):
No events

Internal exceptions (10 events):
Event: 0.037 Thread 0x00000000025e2800 Exception <a 'java/lang/NoSuchMethodError': Method sun.misc.Unsafe.prefetchRead(Ljava/lang/Object;J)V name or signature does not match> (0x00000000eab07f88) thrown at [C:\re\workspace\8-2-build-windows-amd64-cygwin\jdk8u161\10277\hotspot\src\share\vm\prim
Event: 0.719 Thread 0x00000000025e2800 Exception <a 'java/lang/ArrayIndexOutOfBoundsException': 18> (0x00000000ecc48418) thrown at [C:\re\workspace\8-2-build-windows-amd64-cygwin\jdk8u161\10277\hotspot\src\share\vm\interpreter\interpreterRuntime.cpp, line 366]
Event: 0.722 Thread 0x00000000025e2800 Exception <a 'java/lang/ArrayIndexOutOfBoundsException'> (0x00000000ecc49f98) thrown at [C:\re\workspace\8-2-build-windows-amd64-cygwin\jdk8u161\10277\hotspot\src\share\vm\runtime\sharedRuntime.cpp, line 605]
Event: 0.722 Thread 0x00000000025e2800 Exception <a 'java/lang/ArrayIndexOutOfBoundsException'> (0x00000000ecc4b280) thrown at [C:\re\workspace\8-2-build-windows-amd64-cygwin\jdk8u161\10277\hotspot\src\share\vm\runtime\sharedRuntime.cpp, line 605]
Event: 2.482 Thread 0x00000000168c9800 Implicit null exception at 0x0000000002d6da95 to 0x0000000002d6e6fd
Event: 2.484 Thread 0x00000000168c9800 Implicit null exception at 0x0000000002dd7eda to 0x0000000002dd9abd
Event: 6.309 Thread 0x00000000025e2800 Implicit null exception at 0x0000000003147e76 to 0x000000000314a4f1
Event: 6.309 Thread 0x00000000025e2800 Implicit null exception at 0x0000000003127cd1 to 0x0000000003127f1d
Event: 6.309 Thread 0x00000000025e2800 Implicit null exception at 0x0000000002aaa193 to 0x0000000002aaa2fd
Event: 6.310 Thread 0x00000000025e2800 Implicit null exception at 0x00000000031cef50 to 0x00000000031d02ad

Events (10 events):
Event: 7.558 Thread 0x00000000025e2800 DEOPT UNPACKING pc=0x0000000002727890 sp=0x000000000255e220 mode 0
Event: 7.610 Thread 0x00000000025e2800 DEOPT PACKING pc=0x0000000002ce7734 sp=0x000000000255e480
Event: 7.610 Thread 0x00000000025e2800 DEOPT UNPACKING pc=0x0000000002727890 sp=0x000000000255e220 mode 0
Event: 7.626 loading class java/util/concurrent/ThreadLocalRandom
Event: 7.627 loading class java/util/Random
Event: 7.627 loading class java/util/Random done
Event: 7.627 loading class java/util/concurrent/ThreadLocalRandom done
Event: 7.698 Thread 0x00000000025e2800 DEOPT PACKING pc=0x0000000002ce7734 sp=0x000000000255e480
Event: 7.698 Thread 0x00000000025e2800 DEOPT UNPACKING pc=0x0000000002727890 sp=0x000000000255e220 mode 0
Event: 7.699 Executing VM operation: ParallelGCFailedAllocation


Dynamic libraries:
0x00007ff678860000 - 0x00007ff678897000 	C:\Program Files\Java\jdk1.8.0_161\bin\java.exe
0x00007ffa9e590000 - 0x00007ffa9e771000 	C:\WINDOWS\SYSTEM32\ntdll.dll
0x00007ffa9e310000 - 0x00007ffa9e3c2000 	C:\WINDOWS\System32\KERNEL32.DLL
0x00007ffa9ae80000 - 0x00007ffa9b0f3000 	C:\WINDOWS\System32\KERNELBASE.dll
0x00007ffa9dad0000 - 0x00007ffa9db71000 	C:\WINDOWS\System32\ADVAPI32.dll
0x00007ffa9e4c0000 - 0x00007ffa9e55e000 	C:\WINDOWS\System32\msvcrt.dll
0x00007ffa9dce0000 - 0x00007ffa9dd3b000 	C:\WINDOWS\System32\sechost.dll
0x00007ffa9d990000 - 0x00007ffa9dab4000 	C:\WINDOWS\System32\RPCRT4.dll
0x00007ffa9ba20000 - 0x00007ffa9bbb0000 	C:\WINDOWS\System32\USER32.dll
0x00007ffa9ba00000 - 0x00007ffa9ba20000 	C:\WINDOWS\System32\win32u.dll
0x00007ffa9e120000 - 0x00007ffa9e148000 	C:\WINDOWS\System32\GDI32.dll
0x00007ffa9a960000 - 0x00007ffa9aaf2000 	C:\WINDOWS\System32\gdi32full.dll
0x00007ffa9ab50000 - 0x00007ffa9abef000 	C:\WINDOWS\System32\msvcp_win.dll
0x00007ffa9aca0000 - 0x00007ffa9ad9a000 	C:\WINDOWS\System32\ucrtbase.dll
0x00007ffa8b170000 - 0x00007ffa8b3d9000 	C:\WINDOWS\WinSxS\amd64_microsoft.windows.common-controls_6595b64144ccf1df_6.0.17134.345_none_fb429a5930656358\COMCTL32.dll
0x00007ffa9ddf0000 - 0x00007ffa9e113000 	C:\WINDOWS\System32\combase.dll
0x00007ffa9ae00000 - 0x00007ffa9ae7a000 	C:\WINDOWS\System32\bcryptPrimitives.dll
0x00007ffa9bdd0000 - 0x00007ffa9bdfd000 	C:\WINDOWS\System32\IMM32.DLL
0x0000000059070000 - 0x0000000059142000 	C:\Program Files\Java\jdk1.8.0_161\jre\bin\msvcr100.dll
0x00000000587d0000 - 0x000000005906f000 	C:\Program Files\Java\jdk1.8.0_161\jre\bin\server\jvm.dll
0x00007ffa9bef0000 - 0x00007ffa9bef8000 	C:\WINDOWS\System32\PSAPI.DLL
0x00007ffa95c00000 - 0x00007ffa95c0a000 	C:\WINDOWS\SYSTEM32\VERSION.dll
0x00007ffa984d0000 - 0x00007ffa984f3000 	C:\WINDOWS\SYSTEM32\WINMM.dll
0x00007ffa98750000 - 0x00007ffa98759000 	C:\WINDOWS\SYSTEM32\WSOCK32.dll
0x00007ffa9e240000 - 0x00007ffa9e2ac000 	C:\WINDOWS\System32\WS2_32.dll
0x00007ffa97e80000 - 0x00007ffa97eaa000 	C:\WINDOWS\SYSTEM32\winmmbase.dll
0x00007ffa9ab00000 - 0x00007ffa9ab49000 	C:\WINDOWS\System32\cfgmgr32.dll
0x00000000587c0000 - 0x00000000587cf000 	C:\Program Files\Java\jdk1.8.0_161\jre\bin\verify.dll
0x0000000058790000 - 0x00000000587b9000 	C:\Program Files\Java\jdk1.8.0_161\jre\bin\java.dll
0x0000000058770000 - 0x0000000058786000 	C:\Program Files\Java\jdk1.8.0_161\jre\bin\zip.dll
0x00007ffa9c0a0000 - 0x00007ffa9d4df000 	C:\WINDOWS\System32\SHELL32.dll
0x00007ffa9dd40000 - 0x00007ffa9dde9000 	C:\WINDOWS\System32\shcore.dll
0x00007ffa9b100000 - 0x00007ffa9b80d000 	C:\WINDOWS\System32\windows.storage.dll
0x00007ffa9e2b0000 - 0x00007ffa9e301000 	C:\WINDOWS\System32\shlwapi.dll
0x00007ffa9a8a0000 - 0x00007ffa9a8b1000 	C:\WINDOWS\System32\kernel.appcore.dll
0x00007ffa9a940000 - 0x00007ffa9a95f000 	C:\WINDOWS\System32\profapi.dll
0x00007ffa9a8e0000 - 0x00007ffa9a92c000 	C:\WINDOWS\System32\powrprof.dll
0x00007ffa9a930000 - 0x00007ffa9a93a000 	C:\WINDOWS\System32\FLTLIB.DLL

VM Arguments:
jvm_args: -Xmx1G 
java_command: D:\alien\appdata\local\Android\Sdk\build-tools\27.0.3\\lib\dx.jar --dex --no-strict --output obj\Debug\MonoAndroid81\android\bin D:\Proyectos c#\App1 v3\App1\obj\Debug\MonoAndroid81\android\bin\classes.zip D:\Visual Studio\Common7\IDE\ReferenceAssemblies\Microsoft\Framework\MonoAndroid\v8.1\mono.android.jar obj\\Debug\MonoAndroid81\lp\15\jl\okhttp-2.3.0-jar-with-dependencies.jar obj\\Debug\MonoAndroid81\lp\25\jl\bin\classes.jar obj\\Debug\MonoAndroid81\lp\27\jl\bin\classes.jar obj\\Debug\MonoAndroid81\lp\28\jl\bin\classes.jar obj\\Debug\MonoAndroid81\lp\29\jl\bin\classes.jar obj\\Debug\MonoAndroid81\lp\30\jl\bin\classes.jar obj\\Debug\MonoAndroid81\lp\31\jl\bin\classes.jar obj\\Debug\MonoAndroid81\lp\32\jl\bin\classes.jar obj\\Debug\MonoAndroid81\lp\33\jl\bin\classes.jar obj\\Debug\MonoAndroid81\lp\35\jl\bin\classes.jar obj\\Debug\MonoAndroid81\lp\36\jl\bin\classes.jar obj\\Debug\MonoAndroid81\lp\37\jl\bin\classes.jar obj\\Debug\MonoAndroid81\lp\39\jl\bin\classes.jar obj\\Debug\MonoAndroid81\lp\40\jl\bin\classes.jar obj\\Debug\MonoAndroid81\lp\5\jl\glide-full-4.7.0.jar C:\Users\alien\AppData\Local\Xamarin\Xamarin.Android.Support.v13\23.1.1.0\embedded\libs\internal_impl-23.1.1.jar C:\Users\alien\AppData\Local\Xamarin\Xamarin.Android.Support.v13\23.1.1.0\embedded\classes.jar C:\Users\alien\AppData\Local\Xamarin\Xamarin.Android.Support.v7.Palette\23.1.1.0\embedded\classes.jar
java_class_path (initial): D:\alien\appdata\local\Android\Sdk\build-tools\27.0.3\\lib\dx.jar
Launcher Type: SUN_STANDARD

Environment Variables:
JAVA_HOME=C:\Program Files\Java\jdk1.8.0_161
PATH=C:\ProgramData\Oracle\Java\javapath;C:\Windows\system32;C:\Windows;C:\Windows\System32\Wbem;C:\Windows\System32\WindowsPowerShell\v1.0\;C:\Program Files\Java\jdk1.8.0_161\bin;;C:\Program Files (x86)\NVIDIA Corporation\PhysX\Common;C:\WINDOWS\system32;C:\WINDOWS;C:\WINDOWS\System32\Wbem;C:\WINDOWS\System32\WindowsPowerShell\v1.0\;C:\WINDOWS\System32\OpenSSH\;C:\Program Files\nodejs\;C:\Program Files (x86)\Windows Kits\8.1\Windows Performance Toolkit\;C:\Program Files\dotnet\;C:\oraclexe\app\oracle\product\11.2.0\server\bin;C:\ProgramData\Oracle\Java\javapath;C:\Windows\system32;C:\Windows;C:\Windows\System32\Wbem;C:\Windows\System32\WindowsPowerShell\v1.0\;C:\Program Files\Java\jdk1.8.0_161\bin;C:\Program Files (x86)\NVIDIA Corporation\PhysX\Common;C:\WINDOWS\system32;C:\WINDOWS;C:\WINDOWS\System32\Wbem;C:\WINDOWS\System32\WindowsPowerShell\v1.0\;C:\WINDOWS\System32\OpenSSH\;C:\Program Files\nodejs\;C:\Users\alien\AppData\Local\Microsoft\WindowsApps;C:\Users\alien\AppData\Local\GitHubDesktop\bin;C:\Program Files\Microsoft VS Code\bin;C:\Users\alien\AppData\Roaming\npm
USERNAME=alien
OS=Windows_NT
PROCESSOR_IDENTIFIER=Intel64 Family 6 Model 58 Stepping 9, GenuineIntel



---------------  S Y S T E M  ---------------

OS: Windows 10.0 , 64 bit Build 17134 (10.0.17134.1)

CPU:total 4 (initial active 4) (4 cores per cpu, 1 threads per core) family 6 model 58 stepping 9, cmov, cx8, fxsr, mmx, sse, sse2, sse3, ssse3, sse4.1, sse4.2, popcnt, avx, aes, clmul, erms, tsc, tscinvbit, tscinv

Memory: 4k page, physical 9390496k(2311936k free), swap 11487648k(4208k free)

vm_info: Java HotSpot(TM) 64-Bit Server VM (25.161-b12) for windows-amd64 JRE (1.8.0_161-b12), built on Dec 19 2017 17:52:25 by "java_re" with MS VC++ 10.0 (VS2010)

time: Tue Nov 06 03:59:52 2018
elapsed time: 7 seconds (0d 0h 0m 7s)

