#
# There is insufficient memory for the Java Runtime Environment to continue.
# Native memory allocation (malloc) failed to allocate 1048576 bytes for AllocateHeap
# Possible reasons:
#   The system is out of physical RAM or swap space
#   In 32 bit mode, the process size limit was hit
# Possible solutions:
#   Reduce memory load on the system
#   Increase physical memory or swap space
#   Check if swap backing store is full
#   Use 64 bit Java on a 64 bit OS
#   Decrease Java heap size (-Xmx/-Xms)
#   Decrease number of Java threads
#   Decrease Java thread stack sizes (-Xss)
#   Set larger code cache with -XX:ReservedCodeCacheSize=
# This output file may be truncated or incomplete.
#
#  Out of Memory Error (memory/allocation.inline.hpp:61), pid=15156, tid=0x0000000000003074
#
# JRE version:  (8.0_161-b12) (build )
# Java VM: Java HotSpot(TM) 64-Bit Server VM (25.161-b12 mixed mode windows-amd64 compressed oops)
# Failed to write core dump. Minidumps are not enabled by default on client versions of Windows
#

---------------  T H R E A D  ---------------

Current thread (0x000000000287e800):  JavaThread "Unknown thread" [_thread_in_vm, id=12404, stack(0x0000000002690000,0x0000000002790000)]

Stack: [0x0000000002690000,0x0000000002790000]
[error occurred during error reporting (printing stack bounds), id 0xc0000005]

Native frames: (J=compiled Java code, j=interpreted, Vv=VM code, C=native code)


---------------  P R O C E S S  ---------------

Java Threads: ( => current thread )

Other Threads:

=>0x000000000287e800 (exited) JavaThread "Unknown thread" [_thread_in_vm, id=12404, stack(0x0000000002690000,0x0000000002790000)]

VM state:not at safepoint (normal execution)

VM Mutex/Monitor currently owned by a thread: None

Heap:
 PSYoungGen      total 43008K, used 737K [0x0000000790380000, 0x0000000793380000, 0x00000007c0000000)
  eden space 36864K, 2% used [0x0000000790380000,0x0000000790438528,0x0000000792780000)
  from space 6144K, 0% used [0x0000000792d80000,0x0000000792d80000,0x0000000793380000)
  to   space 6144K, 0% used [0x0000000792780000,0x0000000792780000,0x0000000792d80000)
 ParOldGen       total 98304K, used 0K [0x0000000730a00000, 0x0000000736a00000, 0x0000000790380000)
  object space 98304K, 0% used [0x0000000730a00000,0x0000000730a00000,0x0000000736a00000)
 Metaspace       used 770K, capacity 4480K, committed 4480K, reserved 1056768K
  class space    used 75K, capacity 384K, committed 384K, reserved 1048576K

Card table byte_map: [0x0000000011d40000,0x00000000121c0000] byte_map_base: 0x000000000e3bb000

Marking Bits: (ParMarkBitMap*) 0x00000000685ef860
 Begin Bits: [0x00000000128c0000, 0x0000000014c98000)
 End Bits:   [0x0000000014c98000, 0x0000000017070000)

Polling page: 0x00000000008c0000

CodeCache: size=245760Kb used=328Kb max_used=328Kb free=245431Kb
 bounds [0x0000000002980000, 0x0000000002bf0000, 0x0000000011980000]
 total_blobs=58 nmethods=0 adapters=38
 compilation: enabled

Compilation events (0 events):
No events

GC Heap History (0 events):
No events

Deoptimization events (0 events):
No events

Classes redefined (0 events):
No events

Internal exceptions (0 events):
No events

Events (10 events):
Event: 0.021 loading class java/lang/Short
Event: 0.021 loading class java/lang/Short done
Event: 0.021 loading class java/lang/Integer
Event: 0.022 loading class java/lang/Integer done
Event: 0.022 loading class java/lang/Long
Event: 0.022 loading class java/lang/Long done
Event: 0.022 loading class java/lang/NullPointerException
Event: 0.022 loading class java/lang/NullPointerException done
Event: 0.022 loading class java/lang/ArithmeticException
Event: 0.022 loading class java/lang/ArithmeticException done


Dynamic libraries:
0x00007ff767210000 - 0x00007ff767247000 	C:\Program Files\Java\jdk1.8.0_161\bin\java.exe
0x00007ffe4ec20000 - 0x00007ffe4ee01000 	C:\WINDOWS\SYSTEM32\ntdll.dll
0x00007ffe4c250000 - 0x00007ffe4c302000 	C:\WINDOWS\System32\KERNEL32.DLL
0x00007ffe4b6c0000 - 0x00007ffe4b933000 	C:\WINDOWS\System32\KERNELBASE.dll
0x00007ffe4d400000 - 0x00007ffe4d4a1000 	C:\WINDOWS\System32\ADVAPI32.dll
0x00007ffe4c900000 - 0x00007ffe4c99e000 	C:\WINDOWS\System32\msvcrt.dll
0x00007ffe4eb70000 - 0x00007ffe4ebcb000 	C:\WINDOWS\System32\sechost.dll
0x00007ffe4c760000 - 0x00007ffe4c884000 	C:\WINDOWS\System32\RPCRT4.dll
0x00007ffe4d270000 - 0x00007ffe4d400000 	C:\WINDOWS\System32\USER32.dll
0x00007ffe4b190000 - 0x00007ffe4b1b0000 	C:\WINDOWS\System32\win32u.dll
0x00007ffe4d520000 - 0x00007ffe4d548000 	C:\WINDOWS\System32\GDI32.dll
0x00007ffe4aff0000 - 0x00007ffe4b182000 	C:\WINDOWS\System32\gdi32full.dll
0x00007ffe4b1b0000 - 0x00007ffe4b24f000 	C:\WINDOWS\System32\msvcp_win.dll
0x00007ffe4b4f0000 - 0x00007ffe4b5ea000 	C:\WINDOWS\System32\ucrtbase.dll
0x00007ffe3bd40000 - 0x00007ffe3bfa9000 	C:\WINDOWS\WinSxS\amd64_microsoft.windows.common-controls_6595b64144ccf1df_6.0.17134.407_none_fb449d63306391e9\COMCTL32.dll
0x00007ffe4cd10000 - 0x00007ffe4d032000 	C:\WINDOWS\System32\combase.dll
0x00007ffe4b5f0000 - 0x00007ffe4b66a000 	C:\WINDOWS\System32\bcryptPrimitives.dll
0x00007ffe4e990000 - 0x00007ffe4e9bd000 	C:\WINDOWS\System32\IMM32.DLL
0x0000000068880000 - 0x0000000068952000 	C:\Program Files\Java\jdk1.8.0_161\jre\bin\msvcr100.dll
0x0000000067dd0000 - 0x000000006866f000 	C:\Program Files\Java\jdk1.8.0_161\jre\bin\server\jvm.dll
0x00007ffe4c9a0000 - 0x00007ffe4c9a8000 	C:\WINDOWS\System32\PSAPI.DLL
0x00007ffe46230000 - 0x00007ffe4623a000 	C:\WINDOWS\SYSTEM32\VERSION.dll
0x00007ffe48d00000 - 0x00007ffe48d23000 	C:\WINDOWS\SYSTEM32\WINMM.dll
0x00007ffe34600000 - 0x00007ffe34609000 	C:\WINDOWS\SYSTEM32\WSOCK32.dll
0x00007ffe4d4b0000 - 0x00007ffe4d51c000 	C:\WINDOWS\System32\WS2_32.dll
0x00007ffe48c80000 - 0x00007ffe48caa000 	C:\WINDOWS\SYSTEM32\winmmbase.dll
0x00007ffe4b670000 - 0x00007ffe4b6b9000 	C:\WINDOWS\System32\cfgmgr32.dll
0x0000000068870000 - 0x000000006887f000 	C:\Program Files\Java\jdk1.8.0_161\jre\bin\verify.dll
0x0000000068840000 - 0x0000000068869000 	C:\Program Files\Java\jdk1.8.0_161\jre\bin\java.dll
0x0000000068820000 - 0x0000000068836000 	C:\Program Files\Java\jdk1.8.0_161\jre\bin\zip.dll

VM Arguments:
java_command: <unknown>
java_class_path (initial): .
Launcher Type: SUN_STANDARD

Environment Variables:
JAVA_HOME=C:\Program Files\Java\jdk1.8.0_161
PATH=C:\ProgramData\Oracle\Java\javapath;C:\Windows\system32;C:\Windows;C:\Windows\System32\Wbem;C:\Windows\System32\WindowsPowerShell\v1.0\;C:\Program Files\Java\jdk1.8.0_161\bin;;C:\Program Files (x86)\NVIDIA Corporation\PhysX\Common;C:\WINDOWS\system32;C:\WINDOWS;C:\WINDOWS\System32\Wbem;C:\WINDOWS\System32\WindowsPowerShell\v1.0\;C:\WINDOWS\System32\OpenSSH\;C:\Program Files\nodejs\;C:\Program Files (x86)\Windows Kits\8.1\Windows Performance Toolkit\;C:\Program Files\dotnet\;C:\oraclexe\app\oracle\product\11.2.0\server\bin;C:\ProgramData\Oracle\Java\javapath;C:\Windows\system32;C:\Windows;C:\Windows\System32\Wbem;C:\Windows\System32\WindowsPowerShell\v1.0\;C:\Program Files\Java\jdk1.8.0_161\bin;C:\Program Files (x86)\NVIDIA Corporation\PhysX\Common;C:\WINDOWS\system32;C:\WINDOWS;C:\WINDOWS\System32\Wbem;C:\WINDOWS\System32\WindowsPowerShell\v1.0\;C:\WINDOWS\System32\OpenSSH\;C:\Program Files\nodejs\;C:\Users\alien\AppData\Local\Microsoft\WindowsApps;C:\Users\alien\AppData\Local\GitHubDesktop\bin;C:\Program Files\Microsoft VS Code\bin;C:\Users\alien\AppData\Roaming\npm
USERNAME=alien
OS=Windows_NT
PROCESSOR_IDENTIFIER=Intel64 Family 6 Model 58 Stepping 9, GenuineIntel



---------------  S Y S T E M  ---------------

OS: Windows 10.0 , 64 bit Build 17134 (10.0.17134.1)

CPU:total 4 (initial active 4) (4 cores per cpu, 1 threads per core) family 6 model 58 stepping 9, cmov, cx8, fxsr, mmx, sse, sse2, sse3, ssse3, sse4.1, sse4.2, popcnt, avx, aes, clmul, erms, tsc, tscinvbit, tscinv

Memory: 4k page, physical 9390496k(3001680k free), swap 11487648k(5844k free)

vm_info: Java HotSpot(TM) 64-Bit Server VM (25.161-b12) for windows-amd64 JRE (1.8.0_161-b12), built on Dec 19 2017 17:52:25 by "java_re" with MS VC++ 10.0 (VS2010)

time: Sun Nov 25 01:58:21 2018
elapsed time: 0 seconds (0d 0h 0m 0s)

