#
# There is insufficient memory for the Java Runtime Environment to continue.
# Native memory allocation (malloc) failed to allocate 1040336 bytes for Chunk::new
# Possible reasons:
#   The system is out of physical RAM or swap space
#   In 32 bit mode, the process size limit was hit
# Possible solutions:
#   Reduce memory load on the system
#   Increase physical memory or swap space
#   Check if swap backing store is full
#   Use 64 bit Java on a 64 bit OS
#   Decrease Java heap size (-Xmx/-Xms)
#   Decrease number of Java threads
#   Decrease Java thread stack sizes (-Xss)
#   Set larger code cache with -XX:ReservedCodeCacheSize=
# This output file may be truncated or incomplete.
#
#  Out of Memory Error (allocation.cpp:390), pid=11820, tid=0x0000000000002358
#
# JRE version: Java(TM) SE Runtime Environment (8.0_161-b12) (build 1.8.0_161-b12)
# Java VM: Java HotSpot(TM) 64-Bit Server VM (25.161-b12 mixed mode windows-amd64 compressed oops)
# Failed to write core dump. Minidumps are not enabled by default on client versions of Windows
#

---------------  T H R E A D  ---------------

Current thread (0x00000000159af800):  JavaThread "C2 CompilerThread0" daemon [_thread_in_native, id=9048, stack(0x0000000017020000,0x0000000017120000)]

Stack: [0x0000000017020000,0x0000000017120000]
[error occurred during error reporting (printing stack bounds), id 0xc0000005]

Native frames: (J=compiled Java code, j=interpreted, Vv=VM code, C=native code)


Current CompileTask:
C2:   6195 2444       4       com.android.dx.cf.code.Simulator$SimVisitor::visitNoArgs (2136 bytes)


---------------  P R O C E S S  ---------------

Java Threads: ( => current thread )
  0x00000000175b9000 JavaThread "pool-2-thread-1" [_thread_blocked, id=13272, stack(0x0000000017a20000,0x0000000017b20000)]
  0x00000000175b2000 JavaThread "pool-1-thread-1" [_thread_in_Java, id=12320, stack(0x0000000017920000,0x0000000017a20000)]
  0x0000000015a0d800 JavaThread "Service Thread" daemon [_thread_blocked, id=72, stack(0x0000000017720000,0x0000000017820000)]
  0x00000000159bd800 JavaThread "C1 CompilerThread2" daemon [_thread_blocked, id=11056, stack(0x0000000017220000,0x0000000017320000)]
  0x00000000159b4800 JavaThread "C2 CompilerThread1" daemon [_thread_in_native, id=14032, stack(0x0000000017120000,0x0000000017220000)]
=>0x00000000159af800 JavaThread "C2 CompilerThread0" daemon [_thread_in_native, id=9048, stack(0x0000000017020000,0x0000000017120000)]
  0x00000000159ae800 JavaThread "Attach Listener" daemon [_thread_blocked, id=792, stack(0x0000000016f20000,0x0000000017020000)]
  0x00000000159ad000 JavaThread "Signal Dispatcher" daemon [_thread_blocked, id=10688, stack(0x0000000016e20000,0x0000000016f20000)]
  0x00000000032b9000 JavaThread "Finalizer" daemon [_thread_blocked, id=9576, stack(0x0000000016c00000,0x0000000016d00000)]
  0x00000000032b3000 JavaThread "Reference Handler" daemon [_thread_blocked, id=2340, stack(0x0000000016b00000,0x0000000016c00000)]
  0x00000000031c2800 JavaThread "main" [_thread_in_native, id=10908, stack(0x00000000030c0000,0x00000000031c0000)]

Other Threads:
  0x0000000015976800 VMThread [stack: 0x0000000016a00000,0x0000000016b00000] [id=13908]
  0x000000001734b800 WatcherThread [stack: 0x0000000017820000,0x0000000017920000] [id=14156]

VM state:not at safepoint (normal execution)

VM Mutex/Monitor currently owned by a thread: None

Heap:
 PSYoungGen      total 153600K, used 71474K [0x00000000eab00000, 0x00000000fac80000, 0x0000000100000000)
  eden space 147456K, 48% used [0x00000000eab00000,0x00000000ef0cca90,0x00000000f3b00000)
  from space 6144K, 0% used [0x00000000f3b00000,0x00000000f3b00000,0x00000000f4100000)
  to   space 38912K, 0% used [0x00000000f8680000,0x00000000f8680000,0x00000000fac80000)
 ParOldGen       total 172032K, used 146540K [0x00000000c0000000, 0x00000000ca800000, 0x00000000eab00000)
  object space 172032K, 85% used [0x00000000c0000000,0x00000000c8f1b2e8,0x00000000ca800000)
 Metaspace       used 6839K, capacity 7384K, committed 7680K, reserved 1056768K
  class space    used 648K, capacity 656K, committed 768K, reserved 1048576K

Card table byte_map: [0x0000000012680000,0x0000000012890000] byte_map_base: 0x0000000012080000

Marking Bits: (ParMarkBitMap*) 0x00000000629af860
 Begin Bits: [0x0000000012df0000, 0x0000000013df0000)
 End Bits:   [0x0000000013df0000, 0x0000000014df0000)

Polling page: 0x0000000002f70000

CodeCache: size=245760Kb used=8542Kb max_used=11163Kb free=237217Kb
 bounds [0x00000000032c0000, 0x0000000003dc0000, 0x00000000122c0000]
 total_blobs=2307 nmethods=2034 adapters=185
 compilation: enabled

Compilation events (10 events):
Event: 6.170 Thread 0x00000000159bd800 2459       2       java.util.HashMap$TreeNode::treeify (221 bytes)
Event: 6.171 Thread 0x00000000159bd800 nmethod 2459 0x00000000035af610 code [0x00000000035af7c0, 0x00000000035afd28]
Event: 6.171 Thread 0x00000000159bd800 2460       2       java.util.HashMap::replacementNode (21 bytes)
Event: 6.171 Thread 0x00000000159bd800 nmethod 2460 0x000000000343a8d0 code [0x000000000343aa20, 0x000000000343ac10]
Event: 6.178 Thread 0x00000000159bd800 2461       1       com.android.dx.cf.code.SwitchList::size (5 bytes)
Event: 6.178 Thread 0x00000000159bd800 nmethod 2461 0x00000000034c8550 code [0x00000000034c86a0, 0x00000000034c87b0]
Event: 6.179 Thread 0x00000000159bd800 2462       2       com.android.dx.rop.code.RegisterSpecList::make (23 bytes)
Event: 6.179 Thread 0x00000000159bd800 nmethod 2462 0x00000000037f7b90 code [0x00000000037f7d60, 0x00000000037f83a8]
Event: 6.179 Thread 0x00000000159bd800 2463       2       com.android.dx.rop.code.BasicBlockList$RegCountVisitor::visitSwitchInsn (6 bytes)
Event: 6.179 Thread 0x00000000159bd800 nmethod 2463 0x00000000034eb250 code [0x00000000034eb3c0, 0x00000000034eb528]

GC Heap History (10 events):
Event: 3.198 GC heap before
{Heap before GC invocations=7 (full 1):
 PSYoungGen      total 153600K, used 6136K [0x00000000eab00000, 0x00000000f4700000, 0x0000000100000000)
  eden space 147456K, 0% used [0x00000000eab00000,0x00000000eab00000,0x00000000f3b00000)
  from space 6144K, 99% used [0x00000000f4100000,0x00000000f46fe340,0x00000000f4700000)
  to   space 6144K, 0% used [0x00000000f3b00000,0x00000000f3b00000,0x00000000f4100000)
 ParOldGen       total 98304K, used 80107K [0x00000000c0000000, 0x00000000c6000000, 0x00000000eab00000)
  object space 98304K, 81% used [0x00000000c0000000,0x00000000c4e3ad58,0x00000000c6000000)
 Metaspace       used 6773K, capacity 7320K, committed 7680K, reserved 1056768K
  class space    used 647K, capacity 656K, committed 768K, reserved 1048576K
Event: 3.546 GC heap after
Heap after GC invocations=7 (full 1):
 PSYoungGen      total 153600K, used 0K [0x00000000eab00000, 0x00000000f4700000, 0x0000000100000000)
  eden space 147456K, 0% used [0x00000000eab00000,0x00000000eab00000,0x00000000f3b00000)
  from space 6144K, 0% used [0x00000000f4100000,0x00000000f4100000,0x00000000f4700000)
  to   space 6144K, 0% used [0x00000000f3b00000,0x00000000f3b00000,0x00000000f4100000)
 ParOldGen       total 172032K, used 82182K [0x00000000c0000000, 0x00000000ca800000, 0x00000000eab00000)
  object space 172032K, 47% used [0x00000000c0000000,0x00000000c50418e8,0x00000000ca800000)
 Metaspace       used 6773K, capacity 7320K, committed 7680K, reserved 1056768K
  class space    used 647K, capacity 656K, committed 768K, reserved 1048576K
}
Event: 4.218 GC heap before
{Heap before GC invocations=8 (full 1):
 PSYoungGen      total 153600K, used 147456K [0x00000000eab00000, 0x00000000f4700000, 0x0000000100000000)
  eden space 147456K, 100% used [0x00000000eab00000,0x00000000f3b00000,0x00000000f3b00000)
  from space 6144K, 0% used [0x00000000f4100000,0x00000000f4100000,0x00000000f4700000)
  to   space 6144K, 0% used [0x00000000f3b00000,0x00000000f3b00000,0x00000000f4100000)
 ParOldGen       total 172032K, used 82182K [0x00000000c0000000, 0x00000000ca800000, 0x00000000eab00000)
  object space 172032K, 47% used [0x00000000c0000000,0x00000000c50418e8,0x00000000ca800000)
 Metaspace       used 6811K, capacity 7384K, committed 7680K, reserved 1056768K
  class space    used 647K, capacity 656K, committed 768K, reserved 1048576K
Event: 4.277 GC heap after
Heap after GC invocations=8 (full 1):
 PSYoungGen      total 153600K, used 6143K [0x00000000eab00000, 0x00000000f4700000, 0x0000000100000000)
  eden space 147456K, 0% used [0x00000000eab00000,0x00000000eab00000,0x00000000f3b00000)
  from space 6144K, 99% used [0x00000000f3b00000,0x00000000f40ffd98,0x00000000f4100000)
  to   space 6144K, 0% used [0x00000000f4100000,0x00000000f4100000,0x00000000f4700000)
 ParOldGen       total 172032K, used 100188K [0x00000000c0000000, 0x00000000ca800000, 0x00000000eab00000)
  object space 172032K, 58% used [0x00000000c0000000,0x00000000c61d7208,0x00000000ca800000)
 Metaspace       used 6811K, capacity 7384K, committed 7680K, reserved 1056768K
  class space    used 647K, capacity 656K, committed 768K, reserved 1048576K
}
Event: 4.813 GC heap before
{Heap before GC invocations=9 (full 1):
 PSYoungGen      total 153600K, used 153599K [0x00000000eab00000, 0x00000000f4700000, 0x0000000100000000)
  eden space 147456K, 100% used [0x00000000eab00000,0x00000000f3b00000,0x00000000f3b00000)
  from space 6144K, 99% used [0x00000000f3b00000,0x00000000f40ffd98,0x00000000f4100000)
  to   space 6144K, 0% used [0x00000000f4100000,0x00000000f4100000,0x00000000f4700000)
 ParOldGen       total 172032K, used 100188K [0x00000000c0000000, 0x00000000ca800000, 0x00000000eab00000)
  object space 172032K, 58% used [0x00000000c0000000,0x00000000c61d7208,0x00000000ca800000)
 Metaspace       used 6826K, capacity 7384K, committed 7680K, reserved 1056768K
  class space    used 648K, capacity 656K, committed 768K, reserved 1048576K
Event: 4.877 GC heap after
Heap after GC invocations=9 (full 1):
 PSYoungGen      total 153600K, used 6138K [0x00000000eab00000, 0x00000000f4700000, 0x0000000100000000)
  eden space 147456K, 0% used [0x00000000eab00000,0x00000000eab00000,0x00000000f3b00000)
  from space 6144K, 99% used [0x00000000f4100000,0x00000000f46fe970,0x00000000f4700000)
  to   space 6144K, 0% used [0x00000000f3b00000,0x00000000f3b00000,0x00000000f4100000)
 ParOldGen       total 172032K, used 122559K [0x00000000c0000000, 0x00000000ca800000, 0x00000000eab00000)
  object space 172032K, 71% used [0x00000000c0000000,0x00000000c77afd60,0x00000000ca800000)
 Metaspace       used 6826K, capacity 7384K, committed 7680K, reserved 1056768K
  class space    used 648K, capacity 656K, committed 768K, reserved 1048576K
}
Event: 5.336 GC heap before
{Heap before GC invocations=10 (full 1):
 PSYoungGen      total 153600K, used 153594K [0x00000000eab00000, 0x00000000f4700000, 0x0000000100000000)
  eden space 147456K, 100% used [0x00000000eab00000,0x00000000f3b00000,0x00000000f3b00000)
  from space 6144K, 99% used [0x00000000f4100000,0x00000000f46fe970,0x00000000f4700000)
  to   space 6144K, 0% used [0x00000000f3b00000,0x00000000f3b00000,0x00000000f4100000)
 ParOldGen       total 172032K, used 122559K [0x00000000c0000000, 0x00000000ca800000, 0x00000000eab00000)
  object space 172032K, 71% used [0x00000000c0000000,0x00000000c77afd60,0x00000000ca800000)
 Metaspace       used 6835K, capacity 7384K, committed 7680K, reserved 1056768K
  class space    used 648K, capacity 656K, committed 768K, reserved 1048576K
Event: 5.380 GC heap after
Heap after GC invocations=10 (full 1):
 PSYoungGen      total 153600K, used 6117K [0x00000000eab00000, 0x00000000fac80000, 0x0000000100000000)
  eden space 147456K, 0% used [0x00000000eab00000,0x00000000eab00000,0x00000000f3b00000)
  from space 6144K, 99% used [0x00000000f3b00000,0x00000000f40f9500,0x00000000f4100000)
  to   space 38912K, 0% used [0x00000000f8680000,0x00000000f8680000,0x00000000fac80000)
 ParOldGen       total 172032K, used 144986K [0x00000000c0000000, 0x00000000ca800000, 0x00000000eab00000)
  object space 172032K, 84% used [0x00000000c0000000,0x00000000c8d968f8,0x00000000ca800000)
 Metaspace       used 6835K, capacity 7384K, committed 7680K, reserved 1056768K
  class space    used 648K, capacity 656K, committed 768K, reserved 1048576K
}
Event: 5.380 GC heap before
{Heap before GC invocations=11 (full 2):
 PSYoungGen      total 153600K, used 6117K [0x00000000eab00000, 0x00000000fac80000, 0x0000000100000000)
  eden space 147456K, 0% used [0x00000000eab00000,0x00000000eab00000,0x00000000f3b00000)
  from space 6144K, 99% used [0x00000000f3b00000,0x00000000f40f9500,0x00000000f4100000)
  to   space 38912K, 0% used [0x00000000f8680000,0x00000000f8680000,0x00000000fac80000)
 ParOldGen       total 172032K, used 144986K [0x00000000c0000000, 0x00000000ca800000, 0x00000000eab00000)
  object space 172032K, 84% used [0x00000000c0000000,0x00000000c8d968f8,0x00000000ca800000)
 Metaspace       used 6835K, capacity 7384K, committed 7680K, reserved 1056768K
  class space    used 648K, capacity 656K, committed 768K, reserved 1048576K
Event: 5.991 GC heap after
Heap after GC invocations=11 (full 2):
 PSYoungGen      total 153600K, used 0K [0x00000000eab00000, 0x00000000fac80000, 0x0000000100000000)
  eden space 147456K, 0% used [0x00000000eab00000,0x00000000eab00000,0x00000000f3b00000)
  from space 6144K, 0% used [0x00000000f3b00000,0x00000000f3b00000,0x00000000f4100000)
  to   space 38912K, 0% used [0x00000000f8680000,0x00000000f8680000,0x00000000fac80000)
 ParOldGen       total 172032K, used 146540K [0x00000000c0000000, 0x00000000ca800000, 0x00000000eab00000)
  object space 172032K, 85% used [0x00000000c0000000,0x00000000c8f1b2e8,0x00000000ca800000)
 Metaspace       used 6835K, capacity 7384K, committed 7680K, reserved 1056768K
  class space    used 648K, capacity 656K, committed 768K, reserved 1048576K
}

Deoptimization events (10 events):
Event: 2.774 Thread 0x00000000175b2000 Uncommon trap: reason=class_check action=maybe_recompile pc=0x0000000003935738 method=com.android.dx.cf.code.RopperMachine.run(Lcom/android/dx/cf/code/Frame;II)V @ 1051
Event: 2.880 Thread 0x00000000031c2800 Uncommon trap: reason=class_check action=maybe_recompile pc=0x0000000003b2dda8 method=com.android.dx.ssa.SCCP.simulateBranch(Lcom/android/dx/ssa/SsaInsn;)V @ 145
Event: 2.881 Thread 0x00000000031c2800 Uncommon trap: reason=class_check action=maybe_recompile pc=0x0000000003b2dda8 method=com.android.dx.ssa.SCCP.simulateBranch(Lcom/android/dx/ssa/SsaInsn;)V @ 145
Event: 2.884 Thread 0x00000000175b2000 Uncommon trap: reason=unstable_if action=reinterpret pc=0x00000000038174b0 method=com.android.dx.ssa.SsaMethod.getExitBlock()Lcom/android/dx/ssa/SsaBasicBlock; @ 4
Event: 2.896 Thread 0x00000000175b2000 Uncommon trap: reason=class_check action=maybe_recompile pc=0x0000000003935738 method=com.android.dx.cf.code.RopperMachine.run(Lcom/android/dx/cf/code/Frame;II)V @ 1051
Event: 3.771 Thread 0x00000000031c2800 Uncommon trap: reason=unstable_if action=reinterpret pc=0x0000000003a1a074 method=com.android.dx.ssa.LocalVariableExtractor.processBlock(I)V @ 251
Event: 4.394 Thread 0x00000000175b2000 Uncommon trap: reason=class_check action=maybe_recompile pc=0x0000000003cd1510 method=com.android.dx.ssa.ConstCollector.getConstsSortedByCountUse()Ljava/util/ArrayList; @ 282
Event: 4.943 Thread 0x00000000175b2000 Uncommon trap: reason=unstable_if action=reinterpret pc=0x0000000003c7b6dc method=com.android.dx.ssa.InterferenceRegisterMapper.interferes(III)Z @ 69
Event: 5.062 Thread 0x00000000031c2800 Uncommon trap: reason=class_check action=maybe_recompile pc=0x0000000003cd1510 method=com.android.dx.ssa.ConstCollector.getConstsSortedByCountUse()Ljava/util/ArrayList; @ 282
Event: 5.145 Thread 0x00000000175b2000 Uncommon trap: reason=unstable_if action=reinterpret pc=0x0000000003b2daf4 method=com.android.dx.ssa.SCCP.simulateBranch(Lcom/android/dx/ssa/SsaInsn;)V @ 548

Classes redefined (0 events):
No events

Internal exceptions (6 events):
Event: 0.030 Thread 0x00000000031c2800 Exception <a 'java/lang/NoSuchMethodError': Method sun.misc.Unsafe.defineClass(Ljava/lang/String;[BII)Ljava/lang/Class; name or signature does not match> (0x00000000eab07ca0) thrown at [C:\re\workspace\8-2-build-windows-amd64-cygwin\jdk8u161\10277\hotspot
Event: 0.030 Thread 0x00000000031c2800 Exception <a 'java/lang/NoSuchMethodError': Method sun.misc.Unsafe.prefetchRead(Ljava/lang/Object;J)V name or signature does not match> (0x00000000eab07f88) thrown at [C:\re\workspace\8-2-build-windows-amd64-cygwin\jdk8u161\10277\hotspot\src\share\vm\prim
Event: 0.521 Thread 0x00000000175b2000 Implicit null exception at 0x000000000363f24e to 0x0000000003641ee9
Event: 0.680 Thread 0x00000000031c2800 Exception <a 'java/lang/ArrayIndexOutOfBoundsException': 18> (0x00000000ecb1e020) thrown at [C:\re\workspace\8-2-build-windows-amd64-cygwin\jdk8u161\10277\hotspot\src\share\vm\interpreter\interpreterRuntime.cpp, line 366]
Event: 0.681 Thread 0x00000000031c2800 Exception <a 'java/lang/ArrayIndexOutOfBoundsException': 145> (0x00000000ecb1fba0) thrown at [C:\re\workspace\8-2-build-windows-amd64-cygwin\jdk8u161\10277\hotspot\src\share\vm\interpreter\interpreterRuntime.cpp, line 366]
Event: 0.681 Thread 0x00000000031c2800 Exception <a 'java/lang/ArrayIndexOutOfBoundsException'> (0x00000000ecb20e88) thrown at [C:\re\workspace\8-2-build-windows-amd64-cygwin\jdk8u161\10277\hotspot\src\share\vm\runtime\sharedRuntime.cpp, line 605]

Events (10 events):
Event: 6.046 Thread 0x00000000159bd800 flushing nmethod 0x0000000003a47690
Event: 6.046 Thread 0x00000000159bd800 flushing nmethod 0x0000000003a65690
Event: 6.046 Thread 0x00000000159bd800 flushing nmethod 0x0000000003aa67d0
Event: 6.046 Thread 0x00000000159bd800 flushing nmethod 0x0000000003ab0fd0
Event: 6.046 Thread 0x00000000159bd800 flushing nmethod 0x0000000003ac0910
Event: 6.073 Thread 0x00000000159bd800 flushing nmethod 0x0000000003af5310
Event: 6.073 Thread 0x00000000159bd800 flushing nmethod 0x0000000003b09a50
Event: 6.073 Thread 0x00000000159bd800 flushing nmethod 0x0000000003b6b0d0
Event: 6.073 Thread 0x00000000159bd800 flushing nmethod 0x0000000003bbf610
Event: 6.073 Thread 0x00000000159bd800 flushing nmethod 0x0000000003bcb950


Dynamic libraries:
0x00007ff6d9e00000 - 0x00007ff6d9e37000 	C:\Program Files\Java\jdk1.8.0_161\bin\java.exe
0x00007fff4c440000 - 0x00007fff4c621000 	C:\WINDOWS\SYSTEM32\ntdll.dll
0x00007fff4a440000 - 0x00007fff4a4f2000 	C:\WINDOWS\System32\KERNEL32.DLL
0x00007fff495f0000 - 0x00007fff49863000 	C:\WINDOWS\System32\KERNELBASE.dll
0x00007fff4be40000 - 0x00007fff4bee1000 	C:\WINDOWS\System32\ADVAPI32.dll
0x00007fff4a210000 - 0x00007fff4a2ae000 	C:\WINDOWS\System32\msvcrt.dll
0x00007fff4bde0000 - 0x00007fff4be3b000 	C:\WINDOWS\System32\sechost.dll
0x00007fff4c2e0000 - 0x00007fff4c404000 	C:\WINDOWS\System32\RPCRT4.dll
0x00007fff4bf80000 - 0x00007fff4c110000 	C:\WINDOWS\System32\USER32.dll
0x00007fff49430000 - 0x00007fff49450000 	C:\WINDOWS\System32\win32u.dll
0x00007fff4bf50000 - 0x00007fff4bf78000 	C:\WINDOWS\System32\GDI32.dll
0x00007fff48990000 - 0x00007fff48b22000 	C:\WINDOWS\System32\gdi32full.dll
0x00007fff49550000 - 0x00007fff495ef000 	C:\WINDOWS\System32\msvcp_win.dll
0x00007fff49450000 - 0x00007fff4954a000 	C:\WINDOWS\System32\ucrtbase.dll
0x00007fff3e0b0000 - 0x00007fff3e319000 	C:\WINDOWS\WinSxS\amd64_microsoft.windows.common-controls_6595b64144ccf1df_6.0.17134.471_none_fb3e9aab3068fc16\COMCTL32.dll
0x00007fff49ee0000 - 0x00007fff4a202000 	C:\WINDOWS\System32\combase.dll
0x00007fff48810000 - 0x00007fff4888a000 	C:\WINDOWS\System32\bcryptPrimitives.dll
0x00007fff498e0000 - 0x00007fff4990d000 	C:\WINDOWS\System32\IMM32.DLL
0x0000000062a30000 - 0x0000000062b02000 	C:\Program Files\Java\jdk1.8.0_161\jre\bin\msvcr100.dll
0x0000000062190000 - 0x0000000062a2f000 	C:\Program Files\Java\jdk1.8.0_161\jre\bin\server\jvm.dll
0x00007fff498d0000 - 0x00007fff498d8000 	C:\WINDOWS\System32\PSAPI.DLL
0x00007fff445f0000 - 0x00007fff445f9000 	C:\WINDOWS\SYSTEM32\WSOCK32.dll
0x00007fff44d10000 - 0x00007fff44d1a000 	C:\WINDOWS\SYSTEM32\VERSION.dll
0x00007fff3e370000 - 0x00007fff3e393000 	C:\WINDOWS\SYSTEM32\WINMM.dll
0x00007fff4bc10000 - 0x00007fff4bc7c000 	C:\WINDOWS\System32\WS2_32.dll
0x00007fff3bb90000 - 0x00007fff3bbba000 	C:\WINDOWS\SYSTEM32\winmmbase.dll
0x00007fff48940000 - 0x00007fff48989000 	C:\WINDOWS\System32\cfgmgr32.dll
0x0000000062180000 - 0x000000006218f000 	C:\Program Files\Java\jdk1.8.0_161\jre\bin\verify.dll
0x0000000062150000 - 0x0000000062179000 	C:\Program Files\Java\jdk1.8.0_161\jre\bin\java.dll
0x0000000062130000 - 0x0000000062146000 	C:\Program Files\Java\jdk1.8.0_161\jre\bin\zip.dll
0x00007fff4a7d0000 - 0x00007fff4bc10000 	C:\WINDOWS\System32\SHELL32.dll
0x00007fff4a2c0000 - 0x00007fff4a369000 	C:\WINDOWS\System32\shcore.dll
0x00007fff48d20000 - 0x00007fff4942d000 	C:\WINDOWS\System32\windows.storage.dll
0x00007fff4a620000 - 0x00007fff4a671000 	C:\WINDOWS\System32\shlwapi.dll
0x00007fff487d0000 - 0x00007fff487e1000 	C:\WINDOWS\System32\kernel.appcore.dll
0x00007fff487a0000 - 0x00007fff487bf000 	C:\WINDOWS\System32\profapi.dll
0x00007fff48750000 - 0x00007fff4879c000 	C:\WINDOWS\System32\powrprof.dll
0x00007fff487c0000 - 0x00007fff487ca000 	C:\WINDOWS\System32\FLTLIB.DLL

VM Arguments:
jvm_args: -Xmx1G 
java_command: D:\alien\appdata\local\Android\Sdk\build-tools\27.0.3\\lib\dx.jar --dex --no-strict --output obj\Debug\MonoAndroid81\android\bin D:\Proyectos c#\App1 v3\App1\obj\Debug\MonoAndroid81\android\bin\classes.zip D:\Visual Studio\Common7\IDE\ReferenceAssemblies\Microsoft\Framework\MonoAndroid\v8.1\mono.android.jar obj\\Debug\MonoAndroid81\lp\15\jl\okhttp-2.3.0-jar-with-dependencies.jar obj\\Debug\MonoAndroid81\lp\25\jl\bin\classes.jar obj\\Debug\MonoAndroid81\lp\27\jl\bin\classes.jar obj\\Debug\MonoAndroid81\lp\28\jl\bin\classes.jar obj\\Debug\MonoAndroid81\lp\29\jl\bin\classes.jar obj\\Debug\MonoAndroid81\lp\30\jl\bin\classes.jar obj\\Debug\MonoAndroid81\lp\31\jl\bin\classes.jar obj\\Debug\MonoAndroid81\lp\32\jl\bin\classes.jar obj\\Debug\MonoAndroid81\lp\33\jl\bin\classes.jar obj\\Debug\MonoAndroid81\lp\35\jl\bin\classes.jar obj\\Debug\MonoAndroid81\lp\36\jl\bin\classes.jar obj\\Debug\MonoAndroid81\lp\37\jl\bin\classes.jar obj\\Debug\MonoAndroid81\lp\39\jl\bin\classes.jar obj\\Debug\MonoAndroid81\lp\40\jl\bin\classes.jar obj\\Debug\MonoAndroid81\lp\5\jl\glide-full-4.7.0.jar C:\Users\alien\AppData\Local\Xamarin\Xamarin.Android.Support.v13\23.1.1.0\embedded\libs\internal_impl-23.1.1.jar C:\Users\alien\AppData\Local\Xamarin\Xamarin.Android.Support.v13\23.1.1.0\embedded\classes.jar C:\Users\alien\AppData\Local\Xamarin\Xamarin.Android.Support.v7.Palette\23.1.1.0\embedded\classes.jar
java_class_path (initial): D:\alien\appdata\local\Android\Sdk\build-tools\27.0.3\\lib\dx.jar
Launcher Type: SUN_STANDARD

Environment Variables:
JAVA_HOME=C:\Program Files\Java\jdk1.8.0_161
PATH=C:\ProgramData\Oracle\Java\javapath;C:\Windows\system32;C:\Windows;C:\Windows\System32\Wbem;C:\Windows\System32\WindowsPowerShell\v1.0\;C:\Program Files\Java\jdk1.8.0_161\bin;;C:\Program Files (x86)\NVIDIA Corporation\PhysX\Common;C:\WINDOWS\system32;C:\WINDOWS;C:\WINDOWS\System32\Wbem;C:\WINDOWS\System32\WindowsPowerShell\v1.0\;C:\WINDOWS\System32\OpenSSH\;C:\Program Files\nodejs\;C:\Program Files (x86)\Windows Kits\8.1\Windows Performance Toolkit\;C:\Program Files\dotnet\;C:\Program Files\Microsoft VS Code\bin;C:\oraclexe\app\oracle\product\11.2.0\server\bin;C:\ProgramData\Oracle\Java\javapath;C:\Windows\system32;C:\Windows;C:\Windows\System32\Wbem;C:\Windows\System32\WindowsPowerShell\v1.0\;C:\Program Files\Java\jdk1.8.0_161\bin;C:\Program Files (x86)\NVIDIA Corporation\PhysX\Common;C:\WINDOWS\system32;C:\WINDOWS;C:\WINDOWS\System32\Wbem;C:\WINDOWS\System32\WindowsPowerShell\v1.0\;C:\WINDOWS\System32\OpenSSH\;C:\Program Files\nodejs\;C:\Users\alien\AppData\Local\Microsoft\WindowsApps;C:\Users\alien\AppData\Local\GitHubDesktop\bin;C:\Program Files\Microsoft VS Code\bin;C:\Users\alien\AppData\Roaming\npm
USERNAME=alien
OS=Windows_NT
PROCESSOR_IDENTIFIER=Intel64 Family 6 Model 58 Stepping 9, GenuineIntel



---------------  S Y S T E M  ---------------

OS: Windows 10.0 , 64 bit Build 17134 (10.0.17134.1)

CPU:total 4 (initial active 4) (4 cores per cpu, 1 threads per core) family 6 model 58 stepping 9, cmov, cx8, fxsr, mmx, sse, sse2, sse3, ssse3, sse4.1, sse4.2, popcnt, avx, aes, clmul, erms, tsc, tscinvbit, tscinv

Memory: 4k page, physical 9390496k(1563836k free), swap 11487648k(5868k free)

vm_info: Java HotSpot(TM) 64-Bit Server VM (25.161-b12) for windows-amd64 JRE (1.8.0_161-b12), built on Dec 19 2017 17:52:25 by "java_re" with MS VC++ 10.0 (VS2010)

time: Thu Dec 13 01:45:00 2018
elapsed time: 6 seconds (0d 0h 0m 6s)

