#
# There is insufficient memory for the Java Runtime Environment to continue.
# Native memory allocation (malloc) failed to allocate 1048576 bytes for AllocateHeap
# Possible reasons:
#   The system is out of physical RAM or swap space
#   In 32 bit mode, the process size limit was hit
# Possible solutions:
#   Reduce memory load on the system
#   Increase physical memory or swap space
#   Check if swap backing store is full
#   Use 64 bit Java on a 64 bit OS
#   Decrease Java heap size (-Xmx/-Xms)
#   Decrease number of Java threads
#   Decrease Java thread stack sizes (-Xss)
#   Set larger code cache with -XX:ReservedCodeCacheSize=
# This output file may be truncated or incomplete.
#
#  Out of Memory Error (memory/allocation.inline.hpp:61), pid=8092, tid=0x0000000000008948
#
# JRE version:  (8.0_161-b12) (build )
# Java VM: Java HotSpot(TM) 64-Bit Server VM (25.161-b12 mixed mode windows-amd64 compressed oops)
# Failed to write core dump. Minidumps are not enabled by default on client versions of Windows
#

---------------  T H R E A D  ---------------

Current thread (0x0000000002562800):  JavaThread "Unknown thread" [_thread_in_vm, id=35144, stack(0x0000000002460000,0x0000000002560000)]

Stack: [0x0000000002460000,0x0000000002560000]
[error occurred during error reporting (printing stack bounds), id 0xc0000005]

Native frames: (J=compiled Java code, j=interpreted, Vv=VM code, C=native code)


---------------  P R O C E S S  ---------------

Java Threads: ( => current thread )

Other Threads:

=>0x0000000002562800 (exited) JavaThread "Unknown thread" [_thread_in_vm, id=35144, stack(0x0000000002460000,0x0000000002560000)]

VM state:not at safepoint (normal execution)

VM Mutex/Monitor currently owned by a thread: None

Heap:
 PSYoungGen      total 2048K, used 30K [0x0000000790380000, 0x0000000790600000, 0x00000007c0000000)
  eden space 1536K, 2% used [0x0000000790380000,0x0000000790387af0,0x0000000790500000)
  from space 512K, 0% used [0x0000000790580000,0x0000000790580000,0x0000000790600000)
  to   space 512K, 0% used [0x0000000790500000,0x0000000790500000,0x0000000790580000)
 ParOldGen       total 5632K, used 0K [0x0000000730a00000, 0x0000000730f80000, 0x0000000790380000)
  object space 5632K, 0% used [0x0000000730a00000,0x0000000730a00000,0x0000000730f80000)
 Metaspace       used 770K, capacity 4480K, committed 4480K, reserved 1056768K
  class space    used 75K, capacity 384K, committed 384K, reserved 1048576K

Card table byte_map: [0x0000000011a20000,0x0000000011ea0000] byte_map_base: 0x000000000e09b000

Marking Bits: (ParMarkBitMap*) 0x0000000058fef860
 Begin Bits: [0x00000000125a0000, 0x0000000014978000)
 End Bits:   [0x0000000014978000, 0x0000000016d50000)

Polling page: 0x00000000001f0000

CodeCache: size=245760Kb used=328Kb max_used=328Kb free=245431Kb
 bounds [0x0000000002660000, 0x00000000028d0000, 0x0000000011660000]
 total_blobs=58 nmethods=0 adapters=38
 compilation: enabled

Compilation events (0 events):
No events

GC Heap History (0 events):
No events

Deoptimization events (0 events):
No events

Classes redefined (0 events):
No events

Internal exceptions (0 events):
No events

Events (10 events):
Event: 0.021 loading class java/lang/Short
Event: 0.021 loading class java/lang/Short done
Event: 0.021 loading class java/lang/Integer
Event: 0.021 loading class java/lang/Integer done
Event: 0.021 loading class java/lang/Long
Event: 0.021 loading class java/lang/Long done
Event: 0.022 loading class java/lang/NullPointerException
Event: 0.022 loading class java/lang/NullPointerException done
Event: 0.022 loading class java/lang/ArithmeticException
Event: 0.022 loading class java/lang/ArithmeticException done


Dynamic libraries:
0x00007ff604a10000 - 0x00007ff604a17000 	C:\Program Files\Java\jdk1.8.0_161\bin\javac.exe
0x00007ffa9e590000 - 0x00007ffa9e771000 	C:\WINDOWS\SYSTEM32\ntdll.dll
0x00007ffa9e310000 - 0x00007ffa9e3c2000 	C:\WINDOWS\System32\KERNEL32.DLL
0x00007ffa9ae80000 - 0x00007ffa9b0f3000 	C:\WINDOWS\System32\KERNELBASE.dll
0x0000000058450000 - 0x000000005847f000 	C:\Program Files\Java\jdk1.8.0_161\bin\jli.dll
0x00007ffa9dad0000 - 0x00007ffa9db71000 	C:\WINDOWS\System32\ADVAPI32.dll
0x00007ffa9e4c0000 - 0x00007ffa9e55e000 	C:\WINDOWS\System32\msvcrt.dll
0x0000000058370000 - 0x0000000058442000 	C:\Program Files\Java\jdk1.8.0_161\bin\MSVCR100.dll
0x00007ffa9dce0000 - 0x00007ffa9dd3b000 	C:\WINDOWS\System32\sechost.dll
0x00007ffa9d990000 - 0x00007ffa9dab4000 	C:\WINDOWS\System32\RPCRT4.dll
0x00007ffa9ba20000 - 0x00007ffa9bbb0000 	C:\WINDOWS\System32\USER32.dll
0x00007ffa9ba00000 - 0x00007ffa9ba20000 	C:\WINDOWS\System32\win32u.dll
0x00007ffa8b170000 - 0x00007ffa8b3d9000 	C:\WINDOWS\WinSxS\amd64_microsoft.windows.common-controls_6595b64144ccf1df_6.0.17134.345_none_fb429a5930656358\COMCTL32.dll
0x00007ffa9e120000 - 0x00007ffa9e148000 	C:\WINDOWS\System32\GDI32.dll
0x00007ffa9a960000 - 0x00007ffa9aaf2000 	C:\WINDOWS\System32\gdi32full.dll
0x00007ffa9ddf0000 - 0x00007ffa9e113000 	C:\WINDOWS\System32\combase.dll
0x00007ffa9ab50000 - 0x00007ffa9abef000 	C:\WINDOWS\System32\msvcp_win.dll
0x00007ffa9aca0000 - 0x00007ffa9ad9a000 	C:\WINDOWS\System32\ucrtbase.dll
0x00007ffa9ae00000 - 0x00007ffa9ae7a000 	C:\WINDOWS\System32\bcryptPrimitives.dll
0x00007ffa9bdd0000 - 0x00007ffa9bdfd000 	C:\WINDOWS\System32\IMM32.DLL
0x0000000059070000 - 0x0000000059142000 	C:\Program Files\Java\jdk1.8.0_161\jre\bin\msvcr100.dll
0x00000000587d0000 - 0x000000005906f000 	C:\Program Files\Java\jdk1.8.0_161\jre\bin\server\jvm.dll
0x00007ffa9bef0000 - 0x00007ffa9bef8000 	C:\WINDOWS\System32\PSAPI.DLL
0x00007ffa98770000 - 0x00007ffa98779000 	C:\WINDOWS\SYSTEM32\WSOCK32.dll
0x00007ffa984d0000 - 0x00007ffa984f3000 	C:\WINDOWS\SYSTEM32\WINMM.dll
0x00007ffa95c00000 - 0x00007ffa95c0a000 	C:\WINDOWS\SYSTEM32\VERSION.dll
0x00007ffa9e240000 - 0x00007ffa9e2ac000 	C:\WINDOWS\System32\WS2_32.dll
0x00007ffa97e80000 - 0x00007ffa97eaa000 	C:\WINDOWS\SYSTEM32\WINMMBASE.dll
0x00007ffa9ab00000 - 0x00007ffa9ab49000 	C:\WINDOWS\System32\cfgmgr32.dll
0x00000000587c0000 - 0x00000000587cf000 	C:\Program Files\Java\jdk1.8.0_161\jre\bin\verify.dll
0x0000000058790000 - 0x00000000587b9000 	C:\Program Files\Java\jdk1.8.0_161\jre\bin\java.dll
0x0000000058770000 - 0x0000000058786000 	C:\Program Files\Java\jdk1.8.0_161\jre\bin\zip.dll

VM Arguments:
jvm_args: -Dapplication.home=C:\Program Files\Java\jdk1.8.0_161 -Xms8m 
java_command: com.sun.tools.javac.Main -version
java_class_path (initial): C:\Program Files\Java\jdk1.8.0_161/lib/tools.jar;C:\Program Files\Java\jdk1.8.0_161/classes
Launcher Type: SUN_STANDARD

Environment Variables:
JAVA_HOME=C:\Program Files\Java\jdk1.8.0_161
PATH=C:\ProgramData\Oracle\Java\javapath;C:\Windows\system32;C:\Windows;C:\Windows\System32\Wbem;C:\Windows\System32\WindowsPowerShell\v1.0\;C:\Program Files\Java\jdk1.8.0_161\bin;;C:\Program Files (x86)\NVIDIA Corporation\PhysX\Common;C:\WINDOWS\system32;C:\WINDOWS;C:\WINDOWS\System32\Wbem;C:\WINDOWS\System32\WindowsPowerShell\v1.0\;C:\WINDOWS\System32\OpenSSH\;C:\Program Files\nodejs\;C:\Program Files (x86)\Windows Kits\8.1\Windows Performance Toolkit\;C:\Program Files\dotnet\;C:\oraclexe\app\oracle\product\11.2.0\server\bin;C:\ProgramData\Oracle\Java\javapath;C:\Windows\system32;C:\Windows;C:\Windows\System32\Wbem;C:\Windows\System32\WindowsPowerShell\v1.0\;C:\Program Files\Java\jdk1.8.0_161\bin;C:\Program Files (x86)\NVIDIA Corporation\PhysX\Common;C:\WINDOWS\system32;C:\WINDOWS;C:\WINDOWS\System32\Wbem;C:\WINDOWS\System32\WindowsPowerShell\v1.0\;C:\WINDOWS\System32\OpenSSH\;C:\Program Files\nodejs\;C:\Users\alien\AppData\Local\Microsoft\WindowsApps;C:\Users\alien\AppData\Local\GitHubDesktop\bin;C:\Program Files\Microsoft VS Code\bin;C:\Users\alien\AppData\Roaming\npm
USERNAME=alien
OS=Windows_NT
PROCESSOR_IDENTIFIER=Intel64 Family 6 Model 58 Stepping 9, GenuineIntel



---------------  S Y S T E M  ---------------

OS: Windows 10.0 , 64 bit Build 17134 (10.0.17134.1)

CPU:total 4 (initial active 4) (4 cores per cpu, 1 threads per core) family 6 model 58 stepping 9, cmov, cx8, fxsr, mmx, sse, sse2, sse3, ssse3, sse4.1, sse4.2, popcnt, avx, aes, clmul, erms, tsc, tscinvbit, tscinv

Memory: 4k page, physical 9390496k(1815220k free), swap 11487648k(5428k free)

vm_info: Java HotSpot(TM) 64-Bit Server VM (25.161-b12) for windows-amd64 JRE (1.8.0_161-b12), built on Dec 19 2017 17:52:25 by "java_re" with MS VC++ 10.0 (VS2010)

time: Sat Nov 03 02:18:42 2018
elapsed time: 0 seconds (0d 0h 0m 0s)

